--------------- Build Started: 03/28/2015 15:10:35 Project: Drive, Configuration: ARM GCC 4.8.4 Debug ---------------
cydsfit.exe -.appdatapath "C:\Users\Samuel\AppData\Local\Cypress Semiconductor\PSoC Creator\3.1" -.fdsnotice -.fdswarpdepfile=warp_dependencies.txt -.fdselabdepfile=elab_dependencies.txt -.fdsbldfile=generated_files.txt -p C:\Users\Samuel\Documents\GitHub\BYU-MarsRover\Arm\arm_controller_v2\Drive.cydsn\Drive.cyprj -d CY8C4247LQI-BL483 -s C:\Users\Samuel\Documents\GitHub\BYU-MarsRover\Arm\arm_controller_v2\Drive.cydsn\Generated_Source\PSoC4 -- -yv2 -q10 -ygs -o2 -v3 -.fftcfgtype=LE
Elaborating Design...
HDL Generation ...
Synthesis ...
Place and Route ...
Tech mapping ...
Analog Placement ...
Analog Routing ...
Analog Code Generation ...
Digital Placement ...
Digital Routing ...
Bitstream Generation ...
Static timing analysis ...
API Generation ...
Dependency Generation ...
Clean Temporary Files ...
arm-none-eabi-gcc.exe -mcpu=cortex-m0 -mthumb -Wno-main -I. -I.\Generated_Source\PSoC4 -Wa,-alh=.\CortexM0\ARM_GCC_484\Debug/main.lst -g -D DEBUG -Wall -ffunction-sections -O0 -c .\main.c -o .\CortexM0\ARM_GCC_484\Debug\main.o
.\main.c: In function 'fill_data_array':
The command 'arm-none-eabi-gcc.exe' failed with exit code '1'.
.\main.c:54:5: warning: implicit declaration of function 'wiznetReadUdpFrame' [-Wimplicit-function-declaration]
--------------- Build Failed: 03/28/2015 15:10:55 ---------------
