ARM GAS  C:\Users\Samuel\AppData\Local\Temp\cc849q3E.s 			page 1


   1              		.cpu cortex-m0
   2              		.fpu softvfp
   3              		.eabi_attribute 20, 1
   4              		.eabi_attribute 21, 1
   5              		.eabi_attribute 23, 3
   6              		.eabi_attribute 24, 1
   7              		.eabi_attribute 25, 1
   8              		.eabi_attribute 26, 1
   9              		.eabi_attribute 30, 6
  10              		.eabi_attribute 34, 0
  11              		.eabi_attribute 18, 4
  12              		.code	16
  13              		.file	"Arduino_UART_SPI_UART_INT.c"
  14              		.text
  15              	.Ltext0:
  16              		.cfi_sections	.debug_frame
  17              		.section	.text.Arduino_UART_SPI_UART_ISR,"ax",%progbits
  18              		.align	2
  19              		.global	Arduino_UART_SPI_UART_ISR
  20              		.code	16
  21              		.thumb_func
  22              		.type	Arduino_UART_SPI_UART_ISR, %function
  23              	Arduino_UART_SPI_UART_ISR:
  24              	.LFB0:
  25              		.file 1 ".\\Generated_Source\\PSoC4\\Arduino_UART_SPI_UART_INT.c"
   1:.\Generated_Source\PSoC4/Arduino_UART_SPI_UART_INT.c **** /*******************************************************************************
   2:.\Generated_Source\PSoC4/Arduino_UART_SPI_UART_INT.c **** * File Name: Arduino_UART_SPI_UART_INT.c
   3:.\Generated_Source\PSoC4/Arduino_UART_SPI_UART_INT.c **** * Version 2.0
   4:.\Generated_Source\PSoC4/Arduino_UART_SPI_UART_INT.c **** *
   5:.\Generated_Source\PSoC4/Arduino_UART_SPI_UART_INT.c **** * Description:
   6:.\Generated_Source\PSoC4/Arduino_UART_SPI_UART_INT.c **** *  This file provides the source code to the Interrupt Service Routine for
   7:.\Generated_Source\PSoC4/Arduino_UART_SPI_UART_INT.c **** *  the SCB Component in SPI and UART modes.
   8:.\Generated_Source\PSoC4/Arduino_UART_SPI_UART_INT.c **** *
   9:.\Generated_Source\PSoC4/Arduino_UART_SPI_UART_INT.c **** * Note:
  10:.\Generated_Source\PSoC4/Arduino_UART_SPI_UART_INT.c **** *
  11:.\Generated_Source\PSoC4/Arduino_UART_SPI_UART_INT.c **** ********************************************************************************
  12:.\Generated_Source\PSoC4/Arduino_UART_SPI_UART_INT.c **** * Copyright 2013-2014, Cypress Semiconductor Corporation.  All rights reserved.
  13:.\Generated_Source\PSoC4/Arduino_UART_SPI_UART_INT.c **** * You may use this file only in accordance with the license, terms, conditions,
  14:.\Generated_Source\PSoC4/Arduino_UART_SPI_UART_INT.c **** * disclaimers, and limitations in the end user license agreement accompanying
  15:.\Generated_Source\PSoC4/Arduino_UART_SPI_UART_INT.c **** * the software package with which this file was provided.
  16:.\Generated_Source\PSoC4/Arduino_UART_SPI_UART_INT.c **** *******************************************************************************/
  17:.\Generated_Source\PSoC4/Arduino_UART_SPI_UART_INT.c **** 
  18:.\Generated_Source\PSoC4/Arduino_UART_SPI_UART_INT.c **** #include "Arduino_UART_PVT.h"
  19:.\Generated_Source\PSoC4/Arduino_UART_SPI_UART_INT.c **** #include "Arduino_UART_SPI_UART_PVT.h"
  20:.\Generated_Source\PSoC4/Arduino_UART_SPI_UART_INT.c **** 
  21:.\Generated_Source\PSoC4/Arduino_UART_SPI_UART_INT.c **** 
  22:.\Generated_Source\PSoC4/Arduino_UART_SPI_UART_INT.c **** /*******************************************************************************
  23:.\Generated_Source\PSoC4/Arduino_UART_SPI_UART_INT.c **** * Function Name: Arduino_UART_SPI_UART_ISR
  24:.\Generated_Source\PSoC4/Arduino_UART_SPI_UART_INT.c **** ********************************************************************************
  25:.\Generated_Source\PSoC4/Arduino_UART_SPI_UART_INT.c **** *
  26:.\Generated_Source\PSoC4/Arduino_UART_SPI_UART_INT.c **** * Summary:
  27:.\Generated_Source\PSoC4/Arduino_UART_SPI_UART_INT.c **** *  Handles the Interrupt Service Routine for the SCB SPI or UART modes.
  28:.\Generated_Source\PSoC4/Arduino_UART_SPI_UART_INT.c **** *
  29:.\Generated_Source\PSoC4/Arduino_UART_SPI_UART_INT.c **** * Parameters:
  30:.\Generated_Source\PSoC4/Arduino_UART_SPI_UART_INT.c **** *  None
  31:.\Generated_Source\PSoC4/Arduino_UART_SPI_UART_INT.c **** *
  32:.\Generated_Source\PSoC4/Arduino_UART_SPI_UART_INT.c **** * Return:
ARM GAS  C:\Users\Samuel\AppData\Local\Temp\cc849q3E.s 			page 2


  33:.\Generated_Source\PSoC4/Arduino_UART_SPI_UART_INT.c **** *  None
  34:.\Generated_Source\PSoC4/Arduino_UART_SPI_UART_INT.c **** *
  35:.\Generated_Source\PSoC4/Arduino_UART_SPI_UART_INT.c **** *******************************************************************************/
  36:.\Generated_Source\PSoC4/Arduino_UART_SPI_UART_INT.c **** CY_ISR(Arduino_UART_SPI_UART_ISR)
  37:.\Generated_Source\PSoC4/Arduino_UART_SPI_UART_INT.c **** {
  26              		.loc 1 37 0
  27              		.cfi_startproc
  28 0000 80B5     		push	{r7, lr}
  29              		.cfi_def_cfa_offset 8
  30              		.cfi_offset 7, -8
  31              		.cfi_offset 14, -4
  32 0002 82B0     		sub	sp, sp, #8
  33              		.cfi_def_cfa_offset 16
  34 0004 00AF     		add	r7, sp, #0
  35              		.cfi_def_cfa_register 7
  38:.\Generated_Source\PSoC4/Arduino_UART_SPI_UART_INT.c **** #if(Arduino_UART_INTERNAL_RX_SW_BUFFER_CONST)
  39:.\Generated_Source\PSoC4/Arduino_UART_SPI_UART_INT.c ****     uint32 locHead;
  40:.\Generated_Source\PSoC4/Arduino_UART_SPI_UART_INT.c ****     uint32 dataRx;
  41:.\Generated_Source\PSoC4/Arduino_UART_SPI_UART_INT.c **** #endif /* (Arduino_UART_INTERNAL_RX_SW_BUFFER_CONST) */
  42:.\Generated_Source\PSoC4/Arduino_UART_SPI_UART_INT.c **** 
  43:.\Generated_Source\PSoC4/Arduino_UART_SPI_UART_INT.c **** #if(Arduino_UART_INTERNAL_TX_SW_BUFFER_CONST)
  44:.\Generated_Source\PSoC4/Arduino_UART_SPI_UART_INT.c ****     uint32 locTail;
  45:.\Generated_Source\PSoC4/Arduino_UART_SPI_UART_INT.c **** #endif /* (Arduino_UART_INTERNAL_TX_SW_BUFFER_CONST) */
  46:.\Generated_Source\PSoC4/Arduino_UART_SPI_UART_INT.c **** 
  47:.\Generated_Source\PSoC4/Arduino_UART_SPI_UART_INT.c ****     if(NULL != Arduino_UART_customIntrHandler)
  36              		.loc 1 47 0
  37 0006 1B4B     		ldr	r3, .L8
  38 0008 1B68     		ldr	r3, [r3]
  39 000a 002B     		cmp	r3, #0
  40 000c 02D0     		beq	.L2
  48:.\Generated_Source\PSoC4/Arduino_UART_SPI_UART_INT.c ****     {
  49:.\Generated_Source\PSoC4/Arduino_UART_SPI_UART_INT.c ****         Arduino_UART_customIntrHandler();
  41              		.loc 1 49 0
  42 000e 194B     		ldr	r3, .L8
  43 0010 1B68     		ldr	r3, [r3]
  44 0012 9847     		blx	r3
  45              	.L2:
  50:.\Generated_Source\PSoC4/Arduino_UART_SPI_UART_INT.c ****     }
  51:.\Generated_Source\PSoC4/Arduino_UART_SPI_UART_INT.c **** 
  52:.\Generated_Source\PSoC4/Arduino_UART_SPI_UART_INT.c ****     #if(Arduino_UART_CHECK_SPI_WAKE_ENABLE)
  53:.\Generated_Source\PSoC4/Arduino_UART_SPI_UART_INT.c ****     {
  54:.\Generated_Source\PSoC4/Arduino_UART_SPI_UART_INT.c ****         /* Clear SPI wakeup source */
  55:.\Generated_Source\PSoC4/Arduino_UART_SPI_UART_INT.c ****         Arduino_UART_ClearSpiExtClkInterruptSource(Arduino_UART_INTR_SPI_EC_WAKE_UP);
  56:.\Generated_Source\PSoC4/Arduino_UART_SPI_UART_INT.c ****     }
  57:.\Generated_Source\PSoC4/Arduino_UART_SPI_UART_INT.c ****     #endif
  58:.\Generated_Source\PSoC4/Arduino_UART_SPI_UART_INT.c **** 
  59:.\Generated_Source\PSoC4/Arduino_UART_SPI_UART_INT.c ****     #if(Arduino_UART_CHECK_RX_SW_BUFFER)
  60:.\Generated_Source\PSoC4/Arduino_UART_SPI_UART_INT.c ****     {
  61:.\Generated_Source\PSoC4/Arduino_UART_SPI_UART_INT.c ****         if(Arduino_UART_CHECK_INTR_RX_MASKED(Arduino_UART_INTR_RX_NOT_EMPTY))
  46              		.loc 1 61 0
  47 0014 184B     		ldr	r3, .L8+4
  48 0016 1A68     		ldr	r2, [r3]
  49 0018 0423     		mov	r3, #4
  50 001a 1340     		and	r3, r2
  51 001c 26D0     		beq	.L1
  62:.\Generated_Source\PSoC4/Arduino_UART_SPI_UART_INT.c ****         {
  63:.\Generated_Source\PSoC4/Arduino_UART_SPI_UART_INT.c ****             while(0u != Arduino_UART_GET_RX_FIFO_ENTRIES)
ARM GAS  C:\Users\Samuel\AppData\Local\Temp\cc849q3E.s 			page 3


  52              		.loc 1 63 0
  53 001e 1DE0     		b	.L4
  54              	.L7:
  64:.\Generated_Source\PSoC4/Arduino_UART_SPI_UART_INT.c ****             {
  65:.\Generated_Source\PSoC4/Arduino_UART_SPI_UART_INT.c ****                 /* Get data from RX FIFO */
  66:.\Generated_Source\PSoC4/Arduino_UART_SPI_UART_INT.c ****                 dataRx = Arduino_UART_RX_FIFO_RD_REG;
  55              		.loc 1 66 0
  56 0020 164B     		ldr	r3, .L8+8
  57 0022 1B68     		ldr	r3, [r3]
  58 0024 3B60     		str	r3, [r7]
  67:.\Generated_Source\PSoC4/Arduino_UART_SPI_UART_INT.c **** 
  68:.\Generated_Source\PSoC4/Arduino_UART_SPI_UART_INT.c ****                 /* Move local head index */
  69:.\Generated_Source\PSoC4/Arduino_UART_SPI_UART_INT.c ****                 locHead = (Arduino_UART_rxBufferHead + 1u);
  59              		.loc 1 69 0
  60 0026 164B     		ldr	r3, .L8+12
  61 0028 1B68     		ldr	r3, [r3]
  62 002a 0133     		add	r3, r3, #1
  63 002c 7B60     		str	r3, [r7, #4]
  70:.\Generated_Source\PSoC4/Arduino_UART_SPI_UART_INT.c **** 
  71:.\Generated_Source\PSoC4/Arduino_UART_SPI_UART_INT.c ****                 /* Adjust local head index */
  72:.\Generated_Source\PSoC4/Arduino_UART_SPI_UART_INT.c ****                 if(Arduino_UART_RX_BUFFER_SIZE == locHead)
  64              		.loc 1 72 0
  65 002e 7B68     		ldr	r3, [r7, #4]
  66 0030 0D2B     		cmp	r3, #13
  67 0032 01D1     		bne	.L5
  73:.\Generated_Source\PSoC4/Arduino_UART_SPI_UART_INT.c ****                 {
  74:.\Generated_Source\PSoC4/Arduino_UART_SPI_UART_INT.c ****                     locHead = 0u;
  68              		.loc 1 74 0
  69 0034 0023     		mov	r3, #0
  70 0036 7B60     		str	r3, [r7, #4]
  71              	.L5:
  75:.\Generated_Source\PSoC4/Arduino_UART_SPI_UART_INT.c ****                 }
  76:.\Generated_Source\PSoC4/Arduino_UART_SPI_UART_INT.c **** 
  77:.\Generated_Source\PSoC4/Arduino_UART_SPI_UART_INT.c ****                 if(locHead == Arduino_UART_rxBufferTail)
  72              		.loc 1 77 0
  73 0038 124B     		ldr	r3, .L8+16
  74 003a 1B68     		ldr	r3, [r3]
  75 003c 7A68     		ldr	r2, [r7, #4]
  76 003e 9A42     		cmp	r2, r3
  77 0040 03D1     		bne	.L6
  78:.\Generated_Source\PSoC4/Arduino_UART_SPI_UART_INT.c ****                 {
  79:.\Generated_Source\PSoC4/Arduino_UART_SPI_UART_INT.c ****                     /* Overflow: through away new data */
  80:.\Generated_Source\PSoC4/Arduino_UART_SPI_UART_INT.c ****                     Arduino_UART_rxBufferOverflow = (uint8) Arduino_UART_INTR_RX_OVERFLOW;
  78              		.loc 1 80 0
  79 0042 114B     		ldr	r3, .L8+20
  80 0044 2022     		mov	r2, #32
  81 0046 1A70     		strb	r2, [r3]
  82 0048 08E0     		b	.L4
  83              	.L6:
  81:.\Generated_Source\PSoC4/Arduino_UART_SPI_UART_INT.c ****                 }
  82:.\Generated_Source\PSoC4/Arduino_UART_SPI_UART_INT.c ****                 else
  83:.\Generated_Source\PSoC4/Arduino_UART_SPI_UART_INT.c ****                 {
  84:.\Generated_Source\PSoC4/Arduino_UART_SPI_UART_INT.c ****                     /* Store received data */
  85:.\Generated_Source\PSoC4/Arduino_UART_SPI_UART_INT.c ****                     Arduino_UART_PutWordInRxBuffer(locHead, dataRx);
  84              		.loc 1 85 0
  85 004a 3B68     		ldr	r3, [r7]
  86 004c DAB2     		uxtb	r2, r3
ARM GAS  C:\Users\Samuel\AppData\Local\Temp\cc849q3E.s 			page 4


  87 004e 0F49     		ldr	r1, .L8+24
  88 0050 7B68     		ldr	r3, [r7, #4]
  89 0052 CB18     		add	r3, r1, r3
  90 0054 1A70     		strb	r2, [r3]
  86:.\Generated_Source\PSoC4/Arduino_UART_SPI_UART_INT.c **** 
  87:.\Generated_Source\PSoC4/Arduino_UART_SPI_UART_INT.c ****                     /* Move head index */
  88:.\Generated_Source\PSoC4/Arduino_UART_SPI_UART_INT.c ****                     Arduino_UART_rxBufferHead = locHead;
  91              		.loc 1 88 0
  92 0056 0A4B     		ldr	r3, .L8+12
  93 0058 7A68     		ldr	r2, [r7, #4]
  94 005a 1A60     		str	r2, [r3]
  95              	.L4:
  63:.\Generated_Source\PSoC4/Arduino_UART_SPI_UART_INT.c ****             while(0u != Arduino_UART_GET_RX_FIFO_ENTRIES)
  96              		.loc 1 63 0 discriminator 1
  97 005c 0C4B     		ldr	r3, .L8+28
  98 005e 1A68     		ldr	r2, [r3]
  99 0060 0F23     		mov	r3, #15
 100 0062 1340     		and	r3, r2
 101 0064 DCD1     		bne	.L7
  89:.\Generated_Source\PSoC4/Arduino_UART_SPI_UART_INT.c ****                 }
  90:.\Generated_Source\PSoC4/Arduino_UART_SPI_UART_INT.c ****             }
  91:.\Generated_Source\PSoC4/Arduino_UART_SPI_UART_INT.c **** 
  92:.\Generated_Source\PSoC4/Arduino_UART_SPI_UART_INT.c ****             Arduino_UART_ClearRxInterruptSource(Arduino_UART_INTR_RX_NOT_EMPTY);
 102              		.loc 1 92 0
 103 0066 0B4B     		ldr	r3, .L8+32
 104 0068 0422     		mov	r2, #4
 105 006a 1A60     		str	r2, [r3]
 106              	.L1:
  93:.\Generated_Source\PSoC4/Arduino_UART_SPI_UART_INT.c ****         }
  94:.\Generated_Source\PSoC4/Arduino_UART_SPI_UART_INT.c ****     }
  95:.\Generated_Source\PSoC4/Arduino_UART_SPI_UART_INT.c ****     #endif
  96:.\Generated_Source\PSoC4/Arduino_UART_SPI_UART_INT.c **** 
  97:.\Generated_Source\PSoC4/Arduino_UART_SPI_UART_INT.c **** 
  98:.\Generated_Source\PSoC4/Arduino_UART_SPI_UART_INT.c ****     #if(Arduino_UART_CHECK_TX_SW_BUFFER)
  99:.\Generated_Source\PSoC4/Arduino_UART_SPI_UART_INT.c ****     {
 100:.\Generated_Source\PSoC4/Arduino_UART_SPI_UART_INT.c ****         if(Arduino_UART_CHECK_INTR_TX_MASKED(Arduino_UART_INTR_TX_NOT_FULL))
 101:.\Generated_Source\PSoC4/Arduino_UART_SPI_UART_INT.c ****         {
 102:.\Generated_Source\PSoC4/Arduino_UART_SPI_UART_INT.c ****             /* Put data into TX FIFO */
 103:.\Generated_Source\PSoC4/Arduino_UART_SPI_UART_INT.c ****             while(Arduino_UART_SPI_UART_FIFO_SIZE != Arduino_UART_GET_TX_FIFO_ENTRIES)
 104:.\Generated_Source\PSoC4/Arduino_UART_SPI_UART_INT.c ****             {
 105:.\Generated_Source\PSoC4/Arduino_UART_SPI_UART_INT.c ****                 /* Check for room in TX software buffer */
 106:.\Generated_Source\PSoC4/Arduino_UART_SPI_UART_INT.c ****                 if(Arduino_UART_txBufferHead != Arduino_UART_txBufferTail)
 107:.\Generated_Source\PSoC4/Arduino_UART_SPI_UART_INT.c ****                 {
 108:.\Generated_Source\PSoC4/Arduino_UART_SPI_UART_INT.c ****                     /* Move local tail index */
 109:.\Generated_Source\PSoC4/Arduino_UART_SPI_UART_INT.c ****                     locTail = (Arduino_UART_txBufferTail + 1u);
 110:.\Generated_Source\PSoC4/Arduino_UART_SPI_UART_INT.c **** 
 111:.\Generated_Source\PSoC4/Arduino_UART_SPI_UART_INT.c ****                     /* Adjust local tail index */
 112:.\Generated_Source\PSoC4/Arduino_UART_SPI_UART_INT.c ****                     if(Arduino_UART_TX_BUFFER_SIZE == locTail)
 113:.\Generated_Source\PSoC4/Arduino_UART_SPI_UART_INT.c ****                     {
 114:.\Generated_Source\PSoC4/Arduino_UART_SPI_UART_INT.c ****                         locTail = 0u;
 115:.\Generated_Source\PSoC4/Arduino_UART_SPI_UART_INT.c ****                     }
 116:.\Generated_Source\PSoC4/Arduino_UART_SPI_UART_INT.c **** 
 117:.\Generated_Source\PSoC4/Arduino_UART_SPI_UART_INT.c ****                     /* Put data into TX FIFO */
 118:.\Generated_Source\PSoC4/Arduino_UART_SPI_UART_INT.c ****                     Arduino_UART_TX_FIFO_WR_REG = Arduino_UART_GetWordFromTxBuffer(locTail);
 119:.\Generated_Source\PSoC4/Arduino_UART_SPI_UART_INT.c **** 
 120:.\Generated_Source\PSoC4/Arduino_UART_SPI_UART_INT.c ****                     /* Move tail index */
 121:.\Generated_Source\PSoC4/Arduino_UART_SPI_UART_INT.c ****                     Arduino_UART_txBufferTail = locTail;
ARM GAS  C:\Users\Samuel\AppData\Local\Temp\cc849q3E.s 			page 5


 122:.\Generated_Source\PSoC4/Arduino_UART_SPI_UART_INT.c ****                 }
 123:.\Generated_Source\PSoC4/Arduino_UART_SPI_UART_INT.c ****                 else
 124:.\Generated_Source\PSoC4/Arduino_UART_SPI_UART_INT.c ****                 {
 125:.\Generated_Source\PSoC4/Arduino_UART_SPI_UART_INT.c ****                     /* TX software buffer is empty: complete transfer */
 126:.\Generated_Source\PSoC4/Arduino_UART_SPI_UART_INT.c ****                     Arduino_UART_DISABLE_INTR_TX(Arduino_UART_INTR_TX_NOT_FULL);
 127:.\Generated_Source\PSoC4/Arduino_UART_SPI_UART_INT.c ****                     break;
 128:.\Generated_Source\PSoC4/Arduino_UART_SPI_UART_INT.c ****                 }
 129:.\Generated_Source\PSoC4/Arduino_UART_SPI_UART_INT.c ****             }
 130:.\Generated_Source\PSoC4/Arduino_UART_SPI_UART_INT.c **** 
 131:.\Generated_Source\PSoC4/Arduino_UART_SPI_UART_INT.c ****             Arduino_UART_ClearTxInterruptSource(Arduino_UART_INTR_TX_NOT_FULL);
 132:.\Generated_Source\PSoC4/Arduino_UART_SPI_UART_INT.c ****         }
 133:.\Generated_Source\PSoC4/Arduino_UART_SPI_UART_INT.c ****     }
 134:.\Generated_Source\PSoC4/Arduino_UART_SPI_UART_INT.c ****     #endif
 135:.\Generated_Source\PSoC4/Arduino_UART_SPI_UART_INT.c **** }
 107              		.loc 1 135 0
 108 006c BD46     		mov	sp, r7
 109 006e 02B0     		add	sp, sp, #8
 110              		@ sp needed
 111 0070 80BD     		pop	{r7, pc}
 112              	.L9:
 113 0072 C046     		.align	2
 114              	.L8:
 115 0074 00000000 		.word	Arduino_UART_customIntrHandler
 116 0078 CC0F0740 		.word	1074204620
 117 007c 40030740 		.word	1074201408
 118 0080 00000000 		.word	Arduino_UART_rxBufferHead
 119 0084 00000000 		.word	Arduino_UART_rxBufferTail
 120 0088 00000000 		.word	Arduino_UART_rxBufferOverflow
 121 008c 00000000 		.word	Arduino_UART_rxBufferInternal
 122 0090 08030740 		.word	1074201352
 123 0094 C00F0740 		.word	1074204608
 124              		.cfi_endproc
 125              	.LFE0:
 126              		.size	Arduino_UART_SPI_UART_ISR, .-Arduino_UART_SPI_UART_ISR
 127              		.text
 128              	.Letext0:
 129              		.file 2 ".\\Generated_Source\\PSoC4/cytypes.h"
 130              		.file 3 ".\\Generated_Source\\PSoC4\\Arduino_UART_PVT.h"
 131              		.file 4 ".\\Generated_Source\\PSoC4\\Arduino_UART_SPI_UART_PVT.h"
 132              		.section	.debug_info,"",%progbits
 133              	.Ldebug_info0:
 134 0000 41010000 		.4byte	0x141
 135 0004 0400     		.2byte	0x4
 136 0006 00000000 		.4byte	.Ldebug_abbrev0
 137 000a 04       		.byte	0x4
 138 000b 01       		.uleb128 0x1
 139 000c C3010000 		.4byte	.LASF24
 140 0010 01       		.byte	0x1
 141 0011 CA000000 		.4byte	.LASF25
 142 0015 2F010000 		.4byte	.LASF26
 143 0019 00000000 		.4byte	.Ldebug_ranges0+0
 144 001d 00000000 		.4byte	0
 145 0021 00000000 		.4byte	.Ldebug_line0
 146 0025 02       		.uleb128 0x2
 147 0026 01       		.byte	0x1
 148 0027 06       		.byte	0x6
 149 0028 B7010000 		.4byte	.LASF0
ARM GAS  C:\Users\Samuel\AppData\Local\Temp\cc849q3E.s 			page 6


 150 002c 02       		.uleb128 0x2
 151 002d 01       		.byte	0x1
 152 002e 08       		.byte	0x8
 153 002f FF000000 		.4byte	.LASF1
 154 0033 02       		.uleb128 0x2
 155 0034 02       		.byte	0x2
 156 0035 05       		.byte	0x5
 157 0036 71020000 		.4byte	.LASF2
 158 003a 02       		.uleb128 0x2
 159 003b 02       		.byte	0x2
 160 003c 07       		.byte	0x7
 161 003d A4010000 		.4byte	.LASF3
 162 0041 02       		.uleb128 0x2
 163 0042 04       		.byte	0x4
 164 0043 05       		.byte	0x5
 165 0044 12010000 		.4byte	.LASF4
 166 0048 02       		.uleb128 0x2
 167 0049 04       		.byte	0x4
 168 004a 07       		.byte	0x7
 169 004b 7F000000 		.4byte	.LASF5
 170 004f 02       		.uleb128 0x2
 171 0050 08       		.byte	0x8
 172 0051 05       		.byte	0x5
 173 0052 00000000 		.4byte	.LASF6
 174 0056 02       		.uleb128 0x2
 175 0057 08       		.byte	0x8
 176 0058 07       		.byte	0x7
 177 0059 99000000 		.4byte	.LASF7
 178 005d 03       		.uleb128 0x3
 179 005e 04       		.byte	0x4
 180 005f 05       		.byte	0x5
 181 0060 696E7400 		.ascii	"int\000"
 182 0064 02       		.uleb128 0x2
 183 0065 04       		.byte	0x4
 184 0066 07       		.byte	0x7
 185 0067 15000000 		.4byte	.LASF8
 186 006b 04       		.uleb128 0x4
 187 006c 79000000 		.4byte	.LASF9
 188 0070 02       		.byte	0x2
 189 0071 A1       		.byte	0xa1
 190 0072 2C000000 		.4byte	0x2c
 191 0076 04       		.uleb128 0x4
 192 0077 0E000000 		.4byte	.LASF10
 193 007b 02       		.byte	0x2
 194 007c A3       		.byte	0xa3
 195 007d 48000000 		.4byte	0x48
 196 0081 02       		.uleb128 0x2
 197 0082 04       		.byte	0x4
 198 0083 04       		.byte	0x4
 199 0084 6B020000 		.4byte	.LASF11
 200 0088 02       		.uleb128 0x2
 201 0089 08       		.byte	0x8
 202 008a 04       		.byte	0x4
 203 008b 28010000 		.4byte	.LASF12
 204 008f 02       		.uleb128 0x2
 205 0090 01       		.byte	0x1
 206 0091 08       		.byte	0x8
ARM GAS  C:\Users\Samuel\AppData\Local\Temp\cc849q3E.s 			page 7


 207 0092 0D010000 		.4byte	.LASF13
 208 0096 05       		.uleb128 0x5
 209 0097 6B000000 		.4byte	0x6b
 210 009b 06       		.uleb128 0x6
 211 009c 80010000 		.4byte	.LASF14
 212 00a0 02       		.byte	0x2
 213 00a1 4D01     		.2byte	0x14d
 214 00a3 A7000000 		.4byte	0xa7
 215 00a7 05       		.uleb128 0x5
 216 00a8 76000000 		.4byte	0x76
 217 00ac 06       		.uleb128 0x6
 218 00ad 1B010000 		.4byte	.LASF15
 219 00b1 02       		.byte	0x2
 220 00b2 5D01     		.2byte	0x15d
 221 00b4 B8000000 		.4byte	0xb8
 222 00b8 07       		.uleb128 0x7
 223 00b9 04       		.byte	0x4
 224 00ba BE000000 		.4byte	0xbe
 225 00be 08       		.uleb128 0x8
 226 00bf 02       		.uleb128 0x2
 227 00c0 04       		.byte	0x4
 228 00c1 07       		.byte	0x7
 229 00c2 7B020000 		.4byte	.LASF16
 230 00c6 09       		.uleb128 0x9
 231 00c7 4A020000 		.4byte	.LASF27
 232 00cb 01       		.byte	0x1
 233 00cc 24       		.byte	0x24
 234 00cd 00000000 		.4byte	.LFB0
 235 00d1 98000000 		.4byte	.LFE0-.LFB0
 236 00d5 01       		.uleb128 0x1
 237 00d6 9C       		.byte	0x9c
 238 00d7 F8000000 		.4byte	0xf8
 239 00db 0A       		.uleb128 0xa
 240 00dc 91000000 		.4byte	.LASF17
 241 00e0 01       		.byte	0x1
 242 00e1 27       		.byte	0x27
 243 00e2 76000000 		.4byte	0x76
 244 00e6 02       		.uleb128 0x2
 245 00e7 91       		.byte	0x91
 246 00e8 74       		.sleb128 -12
 247 00e9 0A       		.uleb128 0xa
 248 00ea 64020000 		.4byte	.LASF18
 249 00ee 01       		.byte	0x1
 250 00ef 28       		.byte	0x28
 251 00f0 76000000 		.4byte	0x76
 252 00f4 02       		.uleb128 0x2
 253 00f5 91       		.byte	0x91
 254 00f6 70       		.sleb128 -16
 255 00f7 00       		.byte	0
 256 00f8 0B       		.uleb128 0xb
 257 00f9 5A000000 		.4byte	.LASF19
 258 00fd 03       		.byte	0x3
 259 00fe 39       		.byte	0x39
 260 00ff AC000000 		.4byte	0xac
 261 0103 0B       		.uleb128 0xb
 262 0104 22000000 		.4byte	.LASF20
 263 0108 04       		.byte	0x4
ARM GAS  C:\Users\Samuel\AppData\Local\Temp\cc849q3E.s 			page 8


 264 0109 1E       		.byte	0x1e
 265 010a A7000000 		.4byte	0xa7
 266 010e 0B       		.uleb128 0xb
 267 010f B0000000 		.4byte	.LASF21
 268 0113 04       		.byte	0x4
 269 0114 1F       		.byte	0x1f
 270 0115 A7000000 		.4byte	0xa7
 271 0119 0B       		.uleb128 0xb
 272 011a 86010000 		.4byte	.LASF22
 273 011e 04       		.byte	0x4
 274 011f 20       		.byte	0x20
 275 0120 96000000 		.4byte	0x96
 276 0124 0C       		.uleb128 0xc
 277 0125 6B000000 		.4byte	0x6b
 278 0129 34010000 		.4byte	0x134
 279 012d 0D       		.uleb128 0xd
 280 012e BF000000 		.4byte	0xbf
 281 0132 0C       		.byte	0xc
 282 0133 00       		.byte	0
 283 0134 0B       		.uleb128 0xb
 284 0135 3C000000 		.4byte	.LASF23
 285 0139 04       		.byte	0x4
 286 013a 29       		.byte	0x29
 287 013b 3F010000 		.4byte	0x13f
 288 013f 05       		.uleb128 0x5
 289 0140 24010000 		.4byte	0x124
 290 0144 00       		.byte	0
 291              		.section	.debug_abbrev,"",%progbits
 292              	.Ldebug_abbrev0:
 293 0000 01       		.uleb128 0x1
 294 0001 11       		.uleb128 0x11
 295 0002 01       		.byte	0x1
 296 0003 25       		.uleb128 0x25
 297 0004 0E       		.uleb128 0xe
 298 0005 13       		.uleb128 0x13
 299 0006 0B       		.uleb128 0xb
 300 0007 03       		.uleb128 0x3
 301 0008 0E       		.uleb128 0xe
 302 0009 1B       		.uleb128 0x1b
 303 000a 0E       		.uleb128 0xe
 304 000b 55       		.uleb128 0x55
 305 000c 17       		.uleb128 0x17
 306 000d 11       		.uleb128 0x11
 307 000e 01       		.uleb128 0x1
 308 000f 10       		.uleb128 0x10
 309 0010 17       		.uleb128 0x17
 310 0011 00       		.byte	0
 311 0012 00       		.byte	0
 312 0013 02       		.uleb128 0x2
 313 0014 24       		.uleb128 0x24
 314 0015 00       		.byte	0
 315 0016 0B       		.uleb128 0xb
 316 0017 0B       		.uleb128 0xb
 317 0018 3E       		.uleb128 0x3e
 318 0019 0B       		.uleb128 0xb
 319 001a 03       		.uleb128 0x3
 320 001b 0E       		.uleb128 0xe
ARM GAS  C:\Users\Samuel\AppData\Local\Temp\cc849q3E.s 			page 9


 321 001c 00       		.byte	0
 322 001d 00       		.byte	0
 323 001e 03       		.uleb128 0x3
 324 001f 24       		.uleb128 0x24
 325 0020 00       		.byte	0
 326 0021 0B       		.uleb128 0xb
 327 0022 0B       		.uleb128 0xb
 328 0023 3E       		.uleb128 0x3e
 329 0024 0B       		.uleb128 0xb
 330 0025 03       		.uleb128 0x3
 331 0026 08       		.uleb128 0x8
 332 0027 00       		.byte	0
 333 0028 00       		.byte	0
 334 0029 04       		.uleb128 0x4
 335 002a 16       		.uleb128 0x16
 336 002b 00       		.byte	0
 337 002c 03       		.uleb128 0x3
 338 002d 0E       		.uleb128 0xe
 339 002e 3A       		.uleb128 0x3a
 340 002f 0B       		.uleb128 0xb
 341 0030 3B       		.uleb128 0x3b
 342 0031 0B       		.uleb128 0xb
 343 0032 49       		.uleb128 0x49
 344 0033 13       		.uleb128 0x13
 345 0034 00       		.byte	0
 346 0035 00       		.byte	0
 347 0036 05       		.uleb128 0x5
 348 0037 35       		.uleb128 0x35
 349 0038 00       		.byte	0
 350 0039 49       		.uleb128 0x49
 351 003a 13       		.uleb128 0x13
 352 003b 00       		.byte	0
 353 003c 00       		.byte	0
 354 003d 06       		.uleb128 0x6
 355 003e 16       		.uleb128 0x16
 356 003f 00       		.byte	0
 357 0040 03       		.uleb128 0x3
 358 0041 0E       		.uleb128 0xe
 359 0042 3A       		.uleb128 0x3a
 360 0043 0B       		.uleb128 0xb
 361 0044 3B       		.uleb128 0x3b
 362 0045 05       		.uleb128 0x5
 363 0046 49       		.uleb128 0x49
 364 0047 13       		.uleb128 0x13
 365 0048 00       		.byte	0
 366 0049 00       		.byte	0
 367 004a 07       		.uleb128 0x7
 368 004b 0F       		.uleb128 0xf
 369 004c 00       		.byte	0
 370 004d 0B       		.uleb128 0xb
 371 004e 0B       		.uleb128 0xb
 372 004f 49       		.uleb128 0x49
 373 0050 13       		.uleb128 0x13
 374 0051 00       		.byte	0
 375 0052 00       		.byte	0
 376 0053 08       		.uleb128 0x8
 377 0054 15       		.uleb128 0x15
ARM GAS  C:\Users\Samuel\AppData\Local\Temp\cc849q3E.s 			page 10


 378 0055 00       		.byte	0
 379 0056 27       		.uleb128 0x27
 380 0057 19       		.uleb128 0x19
 381 0058 00       		.byte	0
 382 0059 00       		.byte	0
 383 005a 09       		.uleb128 0x9
 384 005b 2E       		.uleb128 0x2e
 385 005c 01       		.byte	0x1
 386 005d 3F       		.uleb128 0x3f
 387 005e 19       		.uleb128 0x19
 388 005f 03       		.uleb128 0x3
 389 0060 0E       		.uleb128 0xe
 390 0061 3A       		.uleb128 0x3a
 391 0062 0B       		.uleb128 0xb
 392 0063 3B       		.uleb128 0x3b
 393 0064 0B       		.uleb128 0xb
 394 0065 27       		.uleb128 0x27
 395 0066 19       		.uleb128 0x19
 396 0067 11       		.uleb128 0x11
 397 0068 01       		.uleb128 0x1
 398 0069 12       		.uleb128 0x12
 399 006a 06       		.uleb128 0x6
 400 006b 40       		.uleb128 0x40
 401 006c 18       		.uleb128 0x18
 402 006d 9642     		.uleb128 0x2116
 403 006f 19       		.uleb128 0x19
 404 0070 01       		.uleb128 0x1
 405 0071 13       		.uleb128 0x13
 406 0072 00       		.byte	0
 407 0073 00       		.byte	0
 408 0074 0A       		.uleb128 0xa
 409 0075 34       		.uleb128 0x34
 410 0076 00       		.byte	0
 411 0077 03       		.uleb128 0x3
 412 0078 0E       		.uleb128 0xe
 413 0079 3A       		.uleb128 0x3a
 414 007a 0B       		.uleb128 0xb
 415 007b 3B       		.uleb128 0x3b
 416 007c 0B       		.uleb128 0xb
 417 007d 49       		.uleb128 0x49
 418 007e 13       		.uleb128 0x13
 419 007f 02       		.uleb128 0x2
 420 0080 18       		.uleb128 0x18
 421 0081 00       		.byte	0
 422 0082 00       		.byte	0
 423 0083 0B       		.uleb128 0xb
 424 0084 34       		.uleb128 0x34
 425 0085 00       		.byte	0
 426 0086 03       		.uleb128 0x3
 427 0087 0E       		.uleb128 0xe
 428 0088 3A       		.uleb128 0x3a
 429 0089 0B       		.uleb128 0xb
 430 008a 3B       		.uleb128 0x3b
 431 008b 0B       		.uleb128 0xb
 432 008c 49       		.uleb128 0x49
 433 008d 13       		.uleb128 0x13
 434 008e 3F       		.uleb128 0x3f
ARM GAS  C:\Users\Samuel\AppData\Local\Temp\cc849q3E.s 			page 11


 435 008f 19       		.uleb128 0x19
 436 0090 3C       		.uleb128 0x3c
 437 0091 19       		.uleb128 0x19
 438 0092 00       		.byte	0
 439 0093 00       		.byte	0
 440 0094 0C       		.uleb128 0xc
 441 0095 01       		.uleb128 0x1
 442 0096 01       		.byte	0x1
 443 0097 49       		.uleb128 0x49
 444 0098 13       		.uleb128 0x13
 445 0099 01       		.uleb128 0x1
 446 009a 13       		.uleb128 0x13
 447 009b 00       		.byte	0
 448 009c 00       		.byte	0
 449 009d 0D       		.uleb128 0xd
 450 009e 21       		.uleb128 0x21
 451 009f 00       		.byte	0
 452 00a0 49       		.uleb128 0x49
 453 00a1 13       		.uleb128 0x13
 454 00a2 2F       		.uleb128 0x2f
 455 00a3 0B       		.uleb128 0xb
 456 00a4 00       		.byte	0
 457 00a5 00       		.byte	0
 458 00a6 00       		.byte	0
 459              		.section	.debug_aranges,"",%progbits
 460 0000 1C000000 		.4byte	0x1c
 461 0004 0200     		.2byte	0x2
 462 0006 00000000 		.4byte	.Ldebug_info0
 463 000a 04       		.byte	0x4
 464 000b 00       		.byte	0
 465 000c 0000     		.2byte	0
 466 000e 0000     		.2byte	0
 467 0010 00000000 		.4byte	.LFB0
 468 0014 98000000 		.4byte	.LFE0-.LFB0
 469 0018 00000000 		.4byte	0
 470 001c 00000000 		.4byte	0
 471              		.section	.debug_ranges,"",%progbits
 472              	.Ldebug_ranges0:
 473 0000 00000000 		.4byte	.LFB0
 474 0004 98000000 		.4byte	.LFE0
 475 0008 00000000 		.4byte	0
 476 000c 00000000 		.4byte	0
 477              		.section	.debug_line,"",%progbits
 478              	.Ldebug_line0:
 479 0000 BF000000 		.section	.debug_str,"MS",%progbits,1
 479      02008D00 
 479      00000201 
 479      FB0E0D00 
 479      01010101 
 480              	.LASF6:
 481 0000 6C6F6E67 		.ascii	"long long int\000"
 481      206C6F6E 
 481      6720696E 
 481      7400
 482              	.LASF10:
 483 000e 75696E74 		.ascii	"uint32\000"
 483      333200
ARM GAS  C:\Users\Samuel\AppData\Local\Temp\cc849q3E.s 			page 12


 484              	.LASF8:
 485 0015 756E7369 		.ascii	"unsigned int\000"
 485      676E6564 
 485      20696E74 
 485      00
 486              	.LASF20:
 487 0022 41726475 		.ascii	"Arduino_UART_rxBufferHead\000"
 487      696E6F5F 
 487      55415254 
 487      5F727842 
 487      75666665 
 488              	.LASF23:
 489 003c 41726475 		.ascii	"Arduino_UART_rxBufferInternal\000"
 489      696E6F5F 
 489      55415254 
 489      5F727842 
 489      75666665 
 490              	.LASF19:
 491 005a 41726475 		.ascii	"Arduino_UART_customIntrHandler\000"
 491      696E6F5F 
 491      55415254 
 491      5F637573 
 491      746F6D49 
 492              	.LASF9:
 493 0079 75696E74 		.ascii	"uint8\000"
 493      3800
 494              	.LASF5:
 495 007f 6C6F6E67 		.ascii	"long unsigned int\000"
 495      20756E73 
 495      69676E65 
 495      6420696E 
 495      7400
 496              	.LASF17:
 497 0091 6C6F6348 		.ascii	"locHead\000"
 497      65616400 
 498              	.LASF7:
 499 0099 6C6F6E67 		.ascii	"long long unsigned int\000"
 499      206C6F6E 
 499      6720756E 
 499      7369676E 
 499      65642069 
 500              	.LASF21:
 501 00b0 41726475 		.ascii	"Arduino_UART_rxBufferTail\000"
 501      696E6F5F 
 501      55415254 
 501      5F727842 
 501      75666665 
 502              	.LASF25:
 503 00ca 2E5C4765 		.ascii	".\\Generated_Source\\PSoC4\\Arduino_UART_SPI_UART_I"
 503      6E657261 
 503      7465645F 
 503      536F7572 
 503      63655C50 
 504 00fa 4E542E63 		.ascii	"NT.c\000"
 504      00
 505              	.LASF1:
 506 00ff 756E7369 		.ascii	"unsigned char\000"
ARM GAS  C:\Users\Samuel\AppData\Local\Temp\cc849q3E.s 			page 13


 506      676E6564 
 506      20636861 
 506      7200
 507              	.LASF13:
 508 010d 63686172 		.ascii	"char\000"
 508      00
 509              	.LASF4:
 510 0112 6C6F6E67 		.ascii	"long int\000"
 510      20696E74 
 510      00
 511              	.LASF15:
 512 011b 63796973 		.ascii	"cyisraddress\000"
 512      72616464 
 512      72657373 
 512      00
 513              	.LASF12:
 514 0128 646F7562 		.ascii	"double\000"
 514      6C6500
 515              	.LASF26:
 516 012f 433A5C55 		.ascii	"C:\\Users\\Samuel\\Documents\\GitHub\\Arm\\arm_cont"
 516      73657273 
 516      5C53616D 
 516      75656C5C 
 516      446F6375 
 517 015c 726F6C6C 		.ascii	"roller_v2\\arm_controller_v2.1.cydsn\000"
 517      65725F76 
 517      325C6172 
 517      6D5F636F 
 517      6E74726F 
 518              	.LASF14:
 519 0180 72656733 		.ascii	"reg32\000"
 519      3200
 520              	.LASF22:
 521 0186 41726475 		.ascii	"Arduino_UART_rxBufferOverflow\000"
 521      696E6F5F 
 521      55415254 
 521      5F727842 
 521      75666665 
 522              	.LASF3:
 523 01a4 73686F72 		.ascii	"short unsigned int\000"
 523      7420756E 
 523      7369676E 
 523      65642069 
 523      6E7400
 524              	.LASF0:
 525 01b7 7369676E 		.ascii	"signed char\000"
 525      65642063 
 525      68617200 
 526              	.LASF24:
 527 01c3 474E5520 		.ascii	"GNU C 4.8.4 20140526 (release) [ARM/embedded-4_8-br"
 527      4320342E 
 527      382E3420 
 527      32303134 
 527      30353236 
 528 01f6 616E6368 		.ascii	"anch revision 211358] -mcpu=cortex-m0 -mthumb -g -O"
 528      20726576 
 528      6973696F 
ARM GAS  C:\Users\Samuel\AppData\Local\Temp\cc849q3E.s 			page 14


 528      6E203231 
 528      31333538 
 529 0229 30202D73 		.ascii	"0 -std=gnu99 -ffunction-sections\000"
 529      74643D67 
 529      6E753939 
 529      202D6666 
 529      756E6374 
 530              	.LASF27:
 531 024a 41726475 		.ascii	"Arduino_UART_SPI_UART_ISR\000"
 531      696E6F5F 
 531      55415254 
 531      5F535049 
 531      5F554152 
 532              	.LASF18:
 533 0264 64617461 		.ascii	"dataRx\000"
 533      527800
 534              	.LASF11:
 535 026b 666C6F61 		.ascii	"float\000"
 535      7400
 536              	.LASF2:
 537 0271 73686F72 		.ascii	"short int\000"
 537      7420696E 
 537      7400
 538              	.LASF16:
 539 027b 73697A65 		.ascii	"sizetype\000"
 539      74797065 
 539      00
 540              		.ident	"GCC: (GNU Tools for ARM Embedded Processors) 4.8.4 20140526 (release) [ARM/embedded-4_8-br
