ARM GAS  C:\Users\Samuel\AppData\Local\Temp\ccLiZSCX.s 			page 1


   1              		.cpu cortex-m0
   2              		.fpu softvfp
   3              		.eabi_attribute 20, 1
   4              		.eabi_attribute 21, 1
   5              		.eabi_attribute 23, 3
   6              		.eabi_attribute 24, 1
   7              		.eabi_attribute 25, 1
   8              		.eabi_attribute 26, 1
   9              		.eabi_attribute 30, 6
  10              		.eabi_attribute 34, 0
  11              		.eabi_attribute 18, 4
  12              		.code	16
  13              		.file	"isr_1.c"
  14              		.text
  15              	.Ltext0:
  16              		.cfi_sections	.debug_frame
  17              		.section	.text.isr_1_Start,"ax",%progbits
  18              		.align	2
  19              		.global	isr_1_Start
  20              		.code	16
  21              		.thumb_func
  22              		.type	isr_1_Start, %function
  23              	isr_1_Start:
  24              	.LFB0:
  25              		.file 1 ".\\Generated_Source\\PSoC4\\isr_1.c"
   1:.\Generated_Source\PSoC4/isr_1.c **** /*******************************************************************************
   2:.\Generated_Source\PSoC4/isr_1.c **** * File Name: isr_1.c  
   3:.\Generated_Source\PSoC4/isr_1.c **** * Version 1.70
   4:.\Generated_Source\PSoC4/isr_1.c **** *
   5:.\Generated_Source\PSoC4/isr_1.c **** *  Description:
   6:.\Generated_Source\PSoC4/isr_1.c **** *   API for controlling the state of an interrupt.
   7:.\Generated_Source\PSoC4/isr_1.c **** *
   8:.\Generated_Source\PSoC4/isr_1.c **** *
   9:.\Generated_Source\PSoC4/isr_1.c **** *  Note:
  10:.\Generated_Source\PSoC4/isr_1.c **** *
  11:.\Generated_Source\PSoC4/isr_1.c **** ********************************************************************************
  12:.\Generated_Source\PSoC4/isr_1.c **** * Copyright 2008-2012, Cypress Semiconductor Corporation.  All rights reserved.
  13:.\Generated_Source\PSoC4/isr_1.c **** * You may use this file only in accordance with the license, terms, conditions, 
  14:.\Generated_Source\PSoC4/isr_1.c **** * disclaimers, and limitations in the end user license agreement accompanying 
  15:.\Generated_Source\PSoC4/isr_1.c **** * the software package with which this file was provided.
  16:.\Generated_Source\PSoC4/isr_1.c **** *******************************************************************************/
  17:.\Generated_Source\PSoC4/isr_1.c **** 
  18:.\Generated_Source\PSoC4/isr_1.c **** 
  19:.\Generated_Source\PSoC4/isr_1.c **** #include <cydevice_trm.h>
  20:.\Generated_Source\PSoC4/isr_1.c **** #include <CyLib.h>
  21:.\Generated_Source\PSoC4/isr_1.c **** #include <isr_1.h>
  22:.\Generated_Source\PSoC4/isr_1.c **** 
  23:.\Generated_Source\PSoC4/isr_1.c **** #if !defined(isr_1__REMOVED) /* Check for removal by optimization */
  24:.\Generated_Source\PSoC4/isr_1.c **** 
  25:.\Generated_Source\PSoC4/isr_1.c **** /*******************************************************************************
  26:.\Generated_Source\PSoC4/isr_1.c **** *  Place your includes, defines and code here 
  27:.\Generated_Source\PSoC4/isr_1.c **** ********************************************************************************/
  28:.\Generated_Source\PSoC4/isr_1.c **** /* `#START isr_1_intc` */
  29:.\Generated_Source\PSoC4/isr_1.c **** 
  30:.\Generated_Source\PSoC4/isr_1.c **** /* `#END` */
  31:.\Generated_Source\PSoC4/isr_1.c **** 
  32:.\Generated_Source\PSoC4/isr_1.c **** extern cyisraddress CyRamVectors[CYINT_IRQ_BASE + CY_NUM_INTERRUPTS];
ARM GAS  C:\Users\Samuel\AppData\Local\Temp\ccLiZSCX.s 			page 2


  33:.\Generated_Source\PSoC4/isr_1.c **** 
  34:.\Generated_Source\PSoC4/isr_1.c **** /* Declared in startup, used to set unused interrupts to. */
  35:.\Generated_Source\PSoC4/isr_1.c **** CY_ISR_PROTO(IntDefaultHandler);
  36:.\Generated_Source\PSoC4/isr_1.c **** 
  37:.\Generated_Source\PSoC4/isr_1.c **** 
  38:.\Generated_Source\PSoC4/isr_1.c **** /*******************************************************************************
  39:.\Generated_Source\PSoC4/isr_1.c **** * Function Name: isr_1_Start
  40:.\Generated_Source\PSoC4/isr_1.c **** ********************************************************************************
  41:.\Generated_Source\PSoC4/isr_1.c **** *
  42:.\Generated_Source\PSoC4/isr_1.c **** * Summary:
  43:.\Generated_Source\PSoC4/isr_1.c **** *  Set up the interrupt and enable it.
  44:.\Generated_Source\PSoC4/isr_1.c **** *
  45:.\Generated_Source\PSoC4/isr_1.c **** * Parameters:  
  46:.\Generated_Source\PSoC4/isr_1.c **** *   None
  47:.\Generated_Source\PSoC4/isr_1.c **** *
  48:.\Generated_Source\PSoC4/isr_1.c **** * Return:
  49:.\Generated_Source\PSoC4/isr_1.c **** *   None
  50:.\Generated_Source\PSoC4/isr_1.c **** *
  51:.\Generated_Source\PSoC4/isr_1.c **** *******************************************************************************/
  52:.\Generated_Source\PSoC4/isr_1.c **** void isr_1_Start(void)
  53:.\Generated_Source\PSoC4/isr_1.c **** {
  26              		.loc 1 53 0
  27              		.cfi_startproc
  28 0000 80B5     		push	{r7, lr}
  29              		.cfi_def_cfa_offset 8
  30              		.cfi_offset 7, -8
  31              		.cfi_offset 14, -4
  32 0002 00AF     		add	r7, sp, #0
  33              		.cfi_def_cfa_register 7
  54:.\Generated_Source\PSoC4/isr_1.c ****     /* For all we know the interrupt is active. */
  55:.\Generated_Source\PSoC4/isr_1.c ****     isr_1_Disable();
  34              		.loc 1 55 0
  35 0004 FFF7FEFF 		bl	isr_1_Disable
  56:.\Generated_Source\PSoC4/isr_1.c **** 
  57:.\Generated_Source\PSoC4/isr_1.c ****     /* Set the ISR to point to the isr_1 Interrupt. */
  58:.\Generated_Source\PSoC4/isr_1.c ****     isr_1_SetVector(&isr_1_Interrupt);
  36              		.loc 1 58 0
  37 0008 054B     		ldr	r3, .L2
  38 000a 181C     		mov	r0, r3
  39 000c FFF7FEFF 		bl	isr_1_SetVector
  59:.\Generated_Source\PSoC4/isr_1.c **** 
  60:.\Generated_Source\PSoC4/isr_1.c ****     /* Set the priority. */
  61:.\Generated_Source\PSoC4/isr_1.c ****     isr_1_SetPriority((uint8)isr_1_INTC_PRIOR_NUMBER);
  40              		.loc 1 61 0
  41 0010 0320     		mov	r0, #3
  42 0012 FFF7FEFF 		bl	isr_1_SetPriority
  62:.\Generated_Source\PSoC4/isr_1.c **** 
  63:.\Generated_Source\PSoC4/isr_1.c ****     /* Enable it. */
  64:.\Generated_Source\PSoC4/isr_1.c ****     isr_1_Enable();
  43              		.loc 1 64 0
  44 0016 FFF7FEFF 		bl	isr_1_Enable
  65:.\Generated_Source\PSoC4/isr_1.c **** }
  45              		.loc 1 65 0
  46 001a BD46     		mov	sp, r7
  47              		@ sp needed
  48 001c 80BD     		pop	{r7, pc}
  49              	.L3:
ARM GAS  C:\Users\Samuel\AppData\Local\Temp\ccLiZSCX.s 			page 3


  50 001e C046     		.align	2
  51              	.L2:
  52 0020 00000000 		.word	isr_1_Interrupt
  53              		.cfi_endproc
  54              	.LFE0:
  55              		.size	isr_1_Start, .-isr_1_Start
  56              		.section	.text.isr_1_StartEx,"ax",%progbits
  57              		.align	2
  58              		.global	isr_1_StartEx
  59              		.code	16
  60              		.thumb_func
  61              		.type	isr_1_StartEx, %function
  62              	isr_1_StartEx:
  63              	.LFB1:
  66:.\Generated_Source\PSoC4/isr_1.c **** 
  67:.\Generated_Source\PSoC4/isr_1.c **** 
  68:.\Generated_Source\PSoC4/isr_1.c **** /*******************************************************************************
  69:.\Generated_Source\PSoC4/isr_1.c **** * Function Name: isr_1_StartEx
  70:.\Generated_Source\PSoC4/isr_1.c **** ********************************************************************************
  71:.\Generated_Source\PSoC4/isr_1.c **** *
  72:.\Generated_Source\PSoC4/isr_1.c **** * Summary:
  73:.\Generated_Source\PSoC4/isr_1.c **** *  Set up the interrupt and enable it.
  74:.\Generated_Source\PSoC4/isr_1.c **** *
  75:.\Generated_Source\PSoC4/isr_1.c **** * Parameters:  
  76:.\Generated_Source\PSoC4/isr_1.c **** *   address: Address of the ISR to set in the interrupt vector table.
  77:.\Generated_Source\PSoC4/isr_1.c **** *
  78:.\Generated_Source\PSoC4/isr_1.c **** * Return:
  79:.\Generated_Source\PSoC4/isr_1.c **** *   None
  80:.\Generated_Source\PSoC4/isr_1.c **** *
  81:.\Generated_Source\PSoC4/isr_1.c **** *******************************************************************************/
  82:.\Generated_Source\PSoC4/isr_1.c **** void isr_1_StartEx(cyisraddress address)
  83:.\Generated_Source\PSoC4/isr_1.c **** {
  64              		.loc 1 83 0
  65              		.cfi_startproc
  66 0000 80B5     		push	{r7, lr}
  67              		.cfi_def_cfa_offset 8
  68              		.cfi_offset 7, -8
  69              		.cfi_offset 14, -4
  70 0002 82B0     		sub	sp, sp, #8
  71              		.cfi_def_cfa_offset 16
  72 0004 00AF     		add	r7, sp, #0
  73              		.cfi_def_cfa_register 7
  74 0006 7860     		str	r0, [r7, #4]
  84:.\Generated_Source\PSoC4/isr_1.c ****     /* For all we know the interrupt is active. */
  85:.\Generated_Source\PSoC4/isr_1.c ****     isr_1_Disable();
  75              		.loc 1 85 0
  76 0008 FFF7FEFF 		bl	isr_1_Disable
  86:.\Generated_Source\PSoC4/isr_1.c **** 
  87:.\Generated_Source\PSoC4/isr_1.c ****     /* Set the ISR to point to the isr_1 Interrupt. */
  88:.\Generated_Source\PSoC4/isr_1.c ****     isr_1_SetVector(address);
  77              		.loc 1 88 0
  78 000c 7B68     		ldr	r3, [r7, #4]
  79 000e 181C     		mov	r0, r3
  80 0010 FFF7FEFF 		bl	isr_1_SetVector
  89:.\Generated_Source\PSoC4/isr_1.c **** 
  90:.\Generated_Source\PSoC4/isr_1.c ****     /* Set the priority. */
  91:.\Generated_Source\PSoC4/isr_1.c ****     isr_1_SetPriority((uint8)isr_1_INTC_PRIOR_NUMBER);
ARM GAS  C:\Users\Samuel\AppData\Local\Temp\ccLiZSCX.s 			page 4


  81              		.loc 1 91 0
  82 0014 0320     		mov	r0, #3
  83 0016 FFF7FEFF 		bl	isr_1_SetPriority
  92:.\Generated_Source\PSoC4/isr_1.c **** 
  93:.\Generated_Source\PSoC4/isr_1.c ****     /* Enable it. */
  94:.\Generated_Source\PSoC4/isr_1.c ****     isr_1_Enable();
  84              		.loc 1 94 0
  85 001a FFF7FEFF 		bl	isr_1_Enable
  95:.\Generated_Source\PSoC4/isr_1.c **** }
  86              		.loc 1 95 0
  87 001e BD46     		mov	sp, r7
  88 0020 02B0     		add	sp, sp, #8
  89              		@ sp needed
  90 0022 80BD     		pop	{r7, pc}
  91              		.cfi_endproc
  92              	.LFE1:
  93              		.size	isr_1_StartEx, .-isr_1_StartEx
  94              		.section	.text.isr_1_Stop,"ax",%progbits
  95              		.align	2
  96              		.global	isr_1_Stop
  97              		.code	16
  98              		.thumb_func
  99              		.type	isr_1_Stop, %function
 100              	isr_1_Stop:
 101              	.LFB2:
  96:.\Generated_Source\PSoC4/isr_1.c **** 
  97:.\Generated_Source\PSoC4/isr_1.c **** 
  98:.\Generated_Source\PSoC4/isr_1.c **** /*******************************************************************************
  99:.\Generated_Source\PSoC4/isr_1.c **** * Function Name: isr_1_Stop
 100:.\Generated_Source\PSoC4/isr_1.c **** ********************************************************************************
 101:.\Generated_Source\PSoC4/isr_1.c **** *
 102:.\Generated_Source\PSoC4/isr_1.c **** * Summary:
 103:.\Generated_Source\PSoC4/isr_1.c **** *   Disables and removes the interrupt.
 104:.\Generated_Source\PSoC4/isr_1.c **** *
 105:.\Generated_Source\PSoC4/isr_1.c **** * Parameters:  
 106:.\Generated_Source\PSoC4/isr_1.c **** *
 107:.\Generated_Source\PSoC4/isr_1.c **** * Return:
 108:.\Generated_Source\PSoC4/isr_1.c **** *   None
 109:.\Generated_Source\PSoC4/isr_1.c **** *
 110:.\Generated_Source\PSoC4/isr_1.c **** *******************************************************************************/
 111:.\Generated_Source\PSoC4/isr_1.c **** void isr_1_Stop(void)
 112:.\Generated_Source\PSoC4/isr_1.c **** {
 102              		.loc 1 112 0
 103              		.cfi_startproc
 104 0000 80B5     		push	{r7, lr}
 105              		.cfi_def_cfa_offset 8
 106              		.cfi_offset 7, -8
 107              		.cfi_offset 14, -4
 108 0002 00AF     		add	r7, sp, #0
 109              		.cfi_def_cfa_register 7
 113:.\Generated_Source\PSoC4/isr_1.c ****     /* Disable this interrupt. */
 114:.\Generated_Source\PSoC4/isr_1.c ****     isr_1_Disable();
 110              		.loc 1 114 0
 111 0004 FFF7FEFF 		bl	isr_1_Disable
 115:.\Generated_Source\PSoC4/isr_1.c **** 
 116:.\Generated_Source\PSoC4/isr_1.c ****     /* Set the ISR to point to the passive one. */
 117:.\Generated_Source\PSoC4/isr_1.c ****     isr_1_SetVector(&IntDefaultHandler);
ARM GAS  C:\Users\Samuel\AppData\Local\Temp\ccLiZSCX.s 			page 5


 112              		.loc 1 117 0
 113 0008 024B     		ldr	r3, .L6
 114 000a 181C     		mov	r0, r3
 115 000c FFF7FEFF 		bl	isr_1_SetVector
 118:.\Generated_Source\PSoC4/isr_1.c **** }
 116              		.loc 1 118 0
 117 0010 BD46     		mov	sp, r7
 118              		@ sp needed
 119 0012 80BD     		pop	{r7, pc}
 120              	.L7:
 121              		.align	2
 122              	.L6:
 123 0014 00000000 		.word	IntDefaultHandler
 124              		.cfi_endproc
 125              	.LFE2:
 126              		.size	isr_1_Stop, .-isr_1_Stop
 127              		.section	.text.isr_1_Interrupt,"ax",%progbits
 128              		.align	2
 129              		.global	isr_1_Interrupt
 130              		.code	16
 131              		.thumb_func
 132              		.type	isr_1_Interrupt, %function
 133              	isr_1_Interrupt:
 134              	.LFB3:
 119:.\Generated_Source\PSoC4/isr_1.c **** 
 120:.\Generated_Source\PSoC4/isr_1.c **** 
 121:.\Generated_Source\PSoC4/isr_1.c **** /*******************************************************************************
 122:.\Generated_Source\PSoC4/isr_1.c **** * Function Name: isr_1_Interrupt
 123:.\Generated_Source\PSoC4/isr_1.c **** ********************************************************************************
 124:.\Generated_Source\PSoC4/isr_1.c **** *
 125:.\Generated_Source\PSoC4/isr_1.c **** * Summary:
 126:.\Generated_Source\PSoC4/isr_1.c **** *   The default Interrupt Service Routine for isr_1.
 127:.\Generated_Source\PSoC4/isr_1.c **** *
 128:.\Generated_Source\PSoC4/isr_1.c **** *   Add custom code between the coments to keep the next version of this file
 129:.\Generated_Source\PSoC4/isr_1.c **** *   from over writting your code.
 130:.\Generated_Source\PSoC4/isr_1.c **** *
 131:.\Generated_Source\PSoC4/isr_1.c **** * Parameters:  
 132:.\Generated_Source\PSoC4/isr_1.c **** *   None
 133:.\Generated_Source\PSoC4/isr_1.c **** *
 134:.\Generated_Source\PSoC4/isr_1.c **** * Return:
 135:.\Generated_Source\PSoC4/isr_1.c **** *   None
 136:.\Generated_Source\PSoC4/isr_1.c **** *
 137:.\Generated_Source\PSoC4/isr_1.c **** *******************************************************************************/
 138:.\Generated_Source\PSoC4/isr_1.c **** CY_ISR(isr_1_Interrupt)
 139:.\Generated_Source\PSoC4/isr_1.c **** {
 135              		.loc 1 139 0
 136              		.cfi_startproc
 137 0000 80B5     		push	{r7, lr}
 138              		.cfi_def_cfa_offset 8
 139              		.cfi_offset 7, -8
 140              		.cfi_offset 14, -4
 141 0002 00AF     		add	r7, sp, #0
 142              		.cfi_def_cfa_register 7
 140:.\Generated_Source\PSoC4/isr_1.c ****     /*  Place your Interrupt code here. */
 141:.\Generated_Source\PSoC4/isr_1.c ****     /* `#START isr_1_Interrupt` */
 142:.\Generated_Source\PSoC4/isr_1.c **** 
 143:.\Generated_Source\PSoC4/isr_1.c ****     /* `#END` */
ARM GAS  C:\Users\Samuel\AppData\Local\Temp\ccLiZSCX.s 			page 6


 144:.\Generated_Source\PSoC4/isr_1.c **** }
 143              		.loc 1 144 0
 144 0004 BD46     		mov	sp, r7
 145              		@ sp needed
 146 0006 80BD     		pop	{r7, pc}
 147              		.cfi_endproc
 148              	.LFE3:
 149              		.size	isr_1_Interrupt, .-isr_1_Interrupt
 150              		.section	.text.isr_1_SetVector,"ax",%progbits
 151              		.align	2
 152              		.global	isr_1_SetVector
 153              		.code	16
 154              		.thumb_func
 155              		.type	isr_1_SetVector, %function
 156              	isr_1_SetVector:
 157              	.LFB4:
 145:.\Generated_Source\PSoC4/isr_1.c **** 
 146:.\Generated_Source\PSoC4/isr_1.c **** 
 147:.\Generated_Source\PSoC4/isr_1.c **** /*******************************************************************************
 148:.\Generated_Source\PSoC4/isr_1.c **** * Function Name: isr_1_SetVector
 149:.\Generated_Source\PSoC4/isr_1.c **** ********************************************************************************
 150:.\Generated_Source\PSoC4/isr_1.c **** *
 151:.\Generated_Source\PSoC4/isr_1.c **** * Summary:
 152:.\Generated_Source\PSoC4/isr_1.c **** *   Change the ISR vector for the Interrupt. Note calling isr_1_Start
 153:.\Generated_Source\PSoC4/isr_1.c **** *   will override any effect this method would have had. To set the vector 
 154:.\Generated_Source\PSoC4/isr_1.c **** *   before the component has been started use isr_1_StartEx instead.
 155:.\Generated_Source\PSoC4/isr_1.c **** *
 156:.\Generated_Source\PSoC4/isr_1.c **** * Parameters:
 157:.\Generated_Source\PSoC4/isr_1.c **** *   address: Address of the ISR to set in the interrupt vector table.
 158:.\Generated_Source\PSoC4/isr_1.c **** *
 159:.\Generated_Source\PSoC4/isr_1.c **** * Return:
 160:.\Generated_Source\PSoC4/isr_1.c **** *   None
 161:.\Generated_Source\PSoC4/isr_1.c **** *
 162:.\Generated_Source\PSoC4/isr_1.c **** *******************************************************************************/
 163:.\Generated_Source\PSoC4/isr_1.c **** void isr_1_SetVector(cyisraddress address)
 164:.\Generated_Source\PSoC4/isr_1.c **** {
 158              		.loc 1 164 0
 159              		.cfi_startproc
 160 0000 80B5     		push	{r7, lr}
 161              		.cfi_def_cfa_offset 8
 162              		.cfi_offset 7, -8
 163              		.cfi_offset 14, -4
 164 0002 82B0     		sub	sp, sp, #8
 165              		.cfi_def_cfa_offset 16
 166 0004 00AF     		add	r7, sp, #0
 167              		.cfi_def_cfa_register 7
 168 0006 7860     		str	r0, [r7, #4]
 165:.\Generated_Source\PSoC4/isr_1.c ****     CyRamVectors[CYINT_IRQ_BASE + isr_1__INTC_NUMBER] = address;
 169              		.loc 1 165 0
 170 0008 034A     		ldr	r2, .L10
 171 000a 8C23     		mov	r3, #140
 172 000c 7968     		ldr	r1, [r7, #4]
 173 000e D150     		str	r1, [r2, r3]
 166:.\Generated_Source\PSoC4/isr_1.c **** }
 174              		.loc 1 166 0
 175 0010 BD46     		mov	sp, r7
 176 0012 02B0     		add	sp, sp, #8
ARM GAS  C:\Users\Samuel\AppData\Local\Temp\ccLiZSCX.s 			page 7


 177              		@ sp needed
 178 0014 80BD     		pop	{r7, pc}
 179              	.L11:
 180 0016 C046     		.align	2
 181              	.L10:
 182 0018 00000000 		.word	CyRamVectors
 183              		.cfi_endproc
 184              	.LFE4:
 185              		.size	isr_1_SetVector, .-isr_1_SetVector
 186              		.section	.text.isr_1_GetVector,"ax",%progbits
 187              		.align	2
 188              		.global	isr_1_GetVector
 189              		.code	16
 190              		.thumb_func
 191              		.type	isr_1_GetVector, %function
 192              	isr_1_GetVector:
 193              	.LFB5:
 167:.\Generated_Source\PSoC4/isr_1.c **** 
 168:.\Generated_Source\PSoC4/isr_1.c **** 
 169:.\Generated_Source\PSoC4/isr_1.c **** /*******************************************************************************
 170:.\Generated_Source\PSoC4/isr_1.c **** * Function Name: isr_1_GetVector
 171:.\Generated_Source\PSoC4/isr_1.c **** ********************************************************************************
 172:.\Generated_Source\PSoC4/isr_1.c **** *
 173:.\Generated_Source\PSoC4/isr_1.c **** * Summary:
 174:.\Generated_Source\PSoC4/isr_1.c **** *   Gets the "address" of the current ISR vector for the Interrupt.
 175:.\Generated_Source\PSoC4/isr_1.c **** *
 176:.\Generated_Source\PSoC4/isr_1.c **** * Parameters:
 177:.\Generated_Source\PSoC4/isr_1.c **** *   None
 178:.\Generated_Source\PSoC4/isr_1.c **** *
 179:.\Generated_Source\PSoC4/isr_1.c **** * Return:
 180:.\Generated_Source\PSoC4/isr_1.c **** *   Address of the ISR in the interrupt vector table.
 181:.\Generated_Source\PSoC4/isr_1.c **** *
 182:.\Generated_Source\PSoC4/isr_1.c **** *******************************************************************************/
 183:.\Generated_Source\PSoC4/isr_1.c **** cyisraddress isr_1_GetVector(void)
 184:.\Generated_Source\PSoC4/isr_1.c **** {
 194              		.loc 1 184 0
 195              		.cfi_startproc
 196 0000 80B5     		push	{r7, lr}
 197              		.cfi_def_cfa_offset 8
 198              		.cfi_offset 7, -8
 199              		.cfi_offset 14, -4
 200 0002 00AF     		add	r7, sp, #0
 201              		.cfi_def_cfa_register 7
 185:.\Generated_Source\PSoC4/isr_1.c ****     return CyRamVectors[CYINT_IRQ_BASE + isr_1__INTC_NUMBER];
 202              		.loc 1 185 0
 203 0004 024A     		ldr	r2, .L14
 204 0006 8C23     		mov	r3, #140
 205 0008 D358     		ldr	r3, [r2, r3]
 186:.\Generated_Source\PSoC4/isr_1.c **** }
 206              		.loc 1 186 0
 207 000a 181C     		mov	r0, r3
 208 000c BD46     		mov	sp, r7
 209              		@ sp needed
 210 000e 80BD     		pop	{r7, pc}
 211              	.L15:
 212              		.align	2
 213              	.L14:
ARM GAS  C:\Users\Samuel\AppData\Local\Temp\ccLiZSCX.s 			page 8


 214 0010 00000000 		.word	CyRamVectors
 215              		.cfi_endproc
 216              	.LFE5:
 217              		.size	isr_1_GetVector, .-isr_1_GetVector
 218              		.section	.text.isr_1_SetPriority,"ax",%progbits
 219              		.align	2
 220              		.global	isr_1_SetPriority
 221              		.code	16
 222              		.thumb_func
 223              		.type	isr_1_SetPriority, %function
 224              	isr_1_SetPriority:
 225              	.LFB6:
 187:.\Generated_Source\PSoC4/isr_1.c **** 
 188:.\Generated_Source\PSoC4/isr_1.c **** 
 189:.\Generated_Source\PSoC4/isr_1.c **** /*******************************************************************************
 190:.\Generated_Source\PSoC4/isr_1.c **** * Function Name: isr_1_SetPriority
 191:.\Generated_Source\PSoC4/isr_1.c **** ********************************************************************************
 192:.\Generated_Source\PSoC4/isr_1.c **** *
 193:.\Generated_Source\PSoC4/isr_1.c **** * Summary:
 194:.\Generated_Source\PSoC4/isr_1.c **** *   Sets the Priority of the Interrupt. Note calling isr_1_Start
 195:.\Generated_Source\PSoC4/isr_1.c **** *   or isr_1_StartEx will override any effect this method would 
 196:.\Generated_Source\PSoC4/isr_1.c **** *   have had. This method should only be called after isr_1_Start or 
 197:.\Generated_Source\PSoC4/isr_1.c **** *   isr_1_StartEx has been called. To set the initial
 198:.\Generated_Source\PSoC4/isr_1.c **** *   priority for the component use the cydwr file in the tool.
 199:.\Generated_Source\PSoC4/isr_1.c **** *
 200:.\Generated_Source\PSoC4/isr_1.c **** * Parameters:
 201:.\Generated_Source\PSoC4/isr_1.c **** *   priority: Priority of the interrupt. 0 - 3, 0 being the highest.
 202:.\Generated_Source\PSoC4/isr_1.c **** *
 203:.\Generated_Source\PSoC4/isr_1.c **** * Return:
 204:.\Generated_Source\PSoC4/isr_1.c **** *   None
 205:.\Generated_Source\PSoC4/isr_1.c **** *
 206:.\Generated_Source\PSoC4/isr_1.c **** *******************************************************************************/
 207:.\Generated_Source\PSoC4/isr_1.c **** void isr_1_SetPriority(uint8 priority)
 208:.\Generated_Source\PSoC4/isr_1.c **** {
 226              		.loc 1 208 0
 227              		.cfi_startproc
 228 0000 90B5     		push	{r4, r7, lr}
 229              		.cfi_def_cfa_offset 12
 230              		.cfi_offset 4, -12
 231              		.cfi_offset 7, -8
 232              		.cfi_offset 14, -4
 233 0002 85B0     		sub	sp, sp, #20
 234              		.cfi_def_cfa_offset 32
 235 0004 00AF     		add	r7, sp, #0
 236              		.cfi_def_cfa_register 7
 237 0006 021C     		mov	r2, r0
 238 0008 FB1D     		add	r3, r7, #7
 239 000a 1A70     		strb	r2, [r3]
 209:.\Generated_Source\PSoC4/isr_1.c **** 	uint8 interruptState;
 210:.\Generated_Source\PSoC4/isr_1.c ****     uint32 priorityOffset = ((isr_1__INTC_NUMBER % 4u) * 8u) + 6u;
 240              		.loc 1 210 0
 241 000c 1E23     		mov	r3, #30
 242 000e FB60     		str	r3, [r7, #12]
 211:.\Generated_Source\PSoC4/isr_1.c ****     
 212:.\Generated_Source\PSoC4/isr_1.c **** 	interruptState = CyEnterCriticalSection();
 243              		.loc 1 212 0
 244 0010 3C1C     		mov	r4, r7
ARM GAS  C:\Users\Samuel\AppData\Local\Temp\ccLiZSCX.s 			page 9


 245 0012 0B34     		add	r4, r4, #11
 246 0014 FFF7FEFF 		bl	CyEnterCriticalSection
 247 0018 031C     		mov	r3, r0
 248 001a 2370     		strb	r3, [r4]
 213:.\Generated_Source\PSoC4/isr_1.c ****     *isr_1_INTC_PRIOR = (*isr_1_INTC_PRIOR & (uint32)(~isr_1__INTC_PRIOR_MASK)) |
 249              		.loc 1 213 0
 250 001c 0A4B     		ldr	r3, .L17
 251 001e 0A4A     		ldr	r2, .L17
 252 0020 1268     		ldr	r2, [r2]
 253 0022 9200     		lsl	r2, r2, #2
 254 0024 9108     		lsr	r1, r2, #2
 214:.\Generated_Source\PSoC4/isr_1.c ****                                     ((uint32)priority << priorityOffset);
 255              		.loc 1 214 0
 256 0026 FA1D     		add	r2, r7, #7
 257 0028 1078     		ldrb	r0, [r2]
 258 002a FA68     		ldr	r2, [r7, #12]
 259 002c 041C     		mov	r4, r0
 260 002e 9440     		lsl	r4, r4, r2
 261 0030 221C     		mov	r2, r4
 213:.\Generated_Source\PSoC4/isr_1.c ****     *isr_1_INTC_PRIOR = (*isr_1_INTC_PRIOR & (uint32)(~isr_1__INTC_PRIOR_MASK)) |
 262              		.loc 1 213 0
 263 0032 0A43     		orr	r2, r1
 264 0034 1A60     		str	r2, [r3]
 215:.\Generated_Source\PSoC4/isr_1.c **** 	CyExitCriticalSection(interruptState);
 265              		.loc 1 215 0
 266 0036 3B1C     		mov	r3, r7
 267 0038 0B33     		add	r3, r3, #11
 268 003a 1B78     		ldrb	r3, [r3]
 269 003c 181C     		mov	r0, r3
 270 003e FFF7FEFF 		bl	CyExitCriticalSection
 216:.\Generated_Source\PSoC4/isr_1.c **** }
 271              		.loc 1 216 0
 272 0042 BD46     		mov	sp, r7
 273 0044 05B0     		add	sp, sp, #20
 274              		@ sp needed
 275 0046 90BD     		pop	{r4, r7, pc}
 276              	.L18:
 277              		.align	2
 278              	.L17:
 279 0048 10E400E0 		.word	-536812528
 280              		.cfi_endproc
 281              	.LFE6:
 282              		.size	isr_1_SetPriority, .-isr_1_SetPriority
 283              		.section	.text.isr_1_GetPriority,"ax",%progbits
 284              		.align	2
 285              		.global	isr_1_GetPriority
 286              		.code	16
 287              		.thumb_func
 288              		.type	isr_1_GetPriority, %function
 289              	isr_1_GetPriority:
 290              	.LFB7:
 217:.\Generated_Source\PSoC4/isr_1.c **** 
 218:.\Generated_Source\PSoC4/isr_1.c **** 
 219:.\Generated_Source\PSoC4/isr_1.c **** /*******************************************************************************
 220:.\Generated_Source\PSoC4/isr_1.c **** * Function Name: isr_1_GetPriority
 221:.\Generated_Source\PSoC4/isr_1.c **** ********************************************************************************
 222:.\Generated_Source\PSoC4/isr_1.c **** *
ARM GAS  C:\Users\Samuel\AppData\Local\Temp\ccLiZSCX.s 			page 10


 223:.\Generated_Source\PSoC4/isr_1.c **** * Summary:
 224:.\Generated_Source\PSoC4/isr_1.c **** *   Gets the Priority of the Interrupt.
 225:.\Generated_Source\PSoC4/isr_1.c **** *
 226:.\Generated_Source\PSoC4/isr_1.c **** * Parameters:
 227:.\Generated_Source\PSoC4/isr_1.c **** *   None
 228:.\Generated_Source\PSoC4/isr_1.c **** *
 229:.\Generated_Source\PSoC4/isr_1.c **** * Return:
 230:.\Generated_Source\PSoC4/isr_1.c **** *   Priority of the interrupt. 0 - 3, 0 being the highest.
 231:.\Generated_Source\PSoC4/isr_1.c **** *
 232:.\Generated_Source\PSoC4/isr_1.c **** *******************************************************************************/
 233:.\Generated_Source\PSoC4/isr_1.c **** uint8 isr_1_GetPriority(void)
 234:.\Generated_Source\PSoC4/isr_1.c **** {
 291              		.loc 1 234 0
 292              		.cfi_startproc
 293 0000 80B5     		push	{r7, lr}
 294              		.cfi_def_cfa_offset 8
 295              		.cfi_offset 7, -8
 296              		.cfi_offset 14, -4
 297 0002 82B0     		sub	sp, sp, #8
 298              		.cfi_def_cfa_offset 16
 299 0004 00AF     		add	r7, sp, #0
 300              		.cfi_def_cfa_register 7
 235:.\Generated_Source\PSoC4/isr_1.c ****     uint32 priority;
 236:.\Generated_Source\PSoC4/isr_1.c **** 	uint32 priorityOffset = ((isr_1__INTC_NUMBER % 4u) * 8u) + 6u;
 301              		.loc 1 236 0
 302 0006 1E23     		mov	r3, #30
 303 0008 7B60     		str	r3, [r7, #4]
 237:.\Generated_Source\PSoC4/isr_1.c **** 
 238:.\Generated_Source\PSoC4/isr_1.c ****     priority = (*isr_1_INTC_PRIOR & isr_1__INTC_PRIOR_MASK) >> priorityOffset;
 304              		.loc 1 238 0
 305 000a 074B     		ldr	r3, .L21
 306 000c 1B68     		ldr	r3, [r3]
 307 000e 9B0F     		lsr	r3, r3, #30
 308 0010 9A07     		lsl	r2, r3, #30
 309 0012 7B68     		ldr	r3, [r7, #4]
 310 0014 111C     		mov	r1, r2
 311 0016 D940     		lsr	r1, r1, r3
 312 0018 0B1C     		mov	r3, r1
 313 001a 3B60     		str	r3, [r7]
 239:.\Generated_Source\PSoC4/isr_1.c **** 
 240:.\Generated_Source\PSoC4/isr_1.c ****     return (uint8)priority;
 314              		.loc 1 240 0
 315 001c 3B68     		ldr	r3, [r7]
 316 001e DBB2     		uxtb	r3, r3
 241:.\Generated_Source\PSoC4/isr_1.c **** }
 317              		.loc 1 241 0
 318 0020 181C     		mov	r0, r3
 319 0022 BD46     		mov	sp, r7
 320 0024 02B0     		add	sp, sp, #8
 321              		@ sp needed
 322 0026 80BD     		pop	{r7, pc}
 323              	.L22:
 324              		.align	2
 325              	.L21:
 326 0028 10E400E0 		.word	-536812528
 327              		.cfi_endproc
 328              	.LFE7:
ARM GAS  C:\Users\Samuel\AppData\Local\Temp\ccLiZSCX.s 			page 11


 329              		.size	isr_1_GetPriority, .-isr_1_GetPriority
 330              		.section	.text.isr_1_Enable,"ax",%progbits
 331              		.align	2
 332              		.global	isr_1_Enable
 333              		.code	16
 334              		.thumb_func
 335              		.type	isr_1_Enable, %function
 336              	isr_1_Enable:
 337              	.LFB8:
 242:.\Generated_Source\PSoC4/isr_1.c **** 
 243:.\Generated_Source\PSoC4/isr_1.c **** 
 244:.\Generated_Source\PSoC4/isr_1.c **** /*******************************************************************************
 245:.\Generated_Source\PSoC4/isr_1.c **** * Function Name: isr_1_Enable
 246:.\Generated_Source\PSoC4/isr_1.c **** ********************************************************************************
 247:.\Generated_Source\PSoC4/isr_1.c **** *
 248:.\Generated_Source\PSoC4/isr_1.c **** * Summary:
 249:.\Generated_Source\PSoC4/isr_1.c **** *   Enables the interrupt.
 250:.\Generated_Source\PSoC4/isr_1.c **** *
 251:.\Generated_Source\PSoC4/isr_1.c **** * Parameters:
 252:.\Generated_Source\PSoC4/isr_1.c **** *   None
 253:.\Generated_Source\PSoC4/isr_1.c **** *
 254:.\Generated_Source\PSoC4/isr_1.c **** * Return:
 255:.\Generated_Source\PSoC4/isr_1.c **** *   None
 256:.\Generated_Source\PSoC4/isr_1.c **** *
 257:.\Generated_Source\PSoC4/isr_1.c **** *******************************************************************************/
 258:.\Generated_Source\PSoC4/isr_1.c **** void isr_1_Enable(void)
 259:.\Generated_Source\PSoC4/isr_1.c **** {
 338              		.loc 1 259 0
 339              		.cfi_startproc
 340 0000 80B5     		push	{r7, lr}
 341              		.cfi_def_cfa_offset 8
 342              		.cfi_offset 7, -8
 343              		.cfi_offset 14, -4
 344 0002 00AF     		add	r7, sp, #0
 345              		.cfi_def_cfa_register 7
 260:.\Generated_Source\PSoC4/isr_1.c ****     /* Enable the general interrupt. */
 261:.\Generated_Source\PSoC4/isr_1.c ****     *isr_1_INTC_SET_EN = isr_1__INTC_MASK;
 346              		.loc 1 261 0
 347 0004 024B     		ldr	r3, .L24
 348 0006 8022     		mov	r2, #128
 349 0008 1203     		lsl	r2, r2, #12
 350 000a 1A60     		str	r2, [r3]
 262:.\Generated_Source\PSoC4/isr_1.c **** }
 351              		.loc 1 262 0
 352 000c BD46     		mov	sp, r7
 353              		@ sp needed
 354 000e 80BD     		pop	{r7, pc}
 355              	.L25:
 356              		.align	2
 357              	.L24:
 358 0010 00E100E0 		.word	-536813312
 359              		.cfi_endproc
 360              	.LFE8:
 361              		.size	isr_1_Enable, .-isr_1_Enable
 362              		.section	.text.isr_1_GetState,"ax",%progbits
 363              		.align	2
 364              		.global	isr_1_GetState
ARM GAS  C:\Users\Samuel\AppData\Local\Temp\ccLiZSCX.s 			page 12


 365              		.code	16
 366              		.thumb_func
 367              		.type	isr_1_GetState, %function
 368              	isr_1_GetState:
 369              	.LFB9:
 263:.\Generated_Source\PSoC4/isr_1.c **** 
 264:.\Generated_Source\PSoC4/isr_1.c **** 
 265:.\Generated_Source\PSoC4/isr_1.c **** /*******************************************************************************
 266:.\Generated_Source\PSoC4/isr_1.c **** * Function Name: isr_1_GetState
 267:.\Generated_Source\PSoC4/isr_1.c **** ********************************************************************************
 268:.\Generated_Source\PSoC4/isr_1.c **** *
 269:.\Generated_Source\PSoC4/isr_1.c **** * Summary:
 270:.\Generated_Source\PSoC4/isr_1.c **** *   Gets the state (enabled, disabled) of the Interrupt.
 271:.\Generated_Source\PSoC4/isr_1.c **** *
 272:.\Generated_Source\PSoC4/isr_1.c **** * Parameters:
 273:.\Generated_Source\PSoC4/isr_1.c **** *   None
 274:.\Generated_Source\PSoC4/isr_1.c **** *
 275:.\Generated_Source\PSoC4/isr_1.c **** * Return:
 276:.\Generated_Source\PSoC4/isr_1.c **** *   1 if enabled, 0 if disabled.
 277:.\Generated_Source\PSoC4/isr_1.c **** *
 278:.\Generated_Source\PSoC4/isr_1.c **** *******************************************************************************/
 279:.\Generated_Source\PSoC4/isr_1.c **** uint8 isr_1_GetState(void)
 280:.\Generated_Source\PSoC4/isr_1.c **** {
 370              		.loc 1 280 0
 371              		.cfi_startproc
 372 0000 80B5     		push	{r7, lr}
 373              		.cfi_def_cfa_offset 8
 374              		.cfi_offset 7, -8
 375              		.cfi_offset 14, -4
 376 0002 00AF     		add	r7, sp, #0
 377              		.cfi_def_cfa_register 7
 281:.\Generated_Source\PSoC4/isr_1.c ****     /* Get the state of the general interrupt. */
 282:.\Generated_Source\PSoC4/isr_1.c ****     return ((*isr_1_INTC_SET_EN & (uint32)isr_1__INTC_MASK) != 0u) ? 1u:0u;
 378              		.loc 1 282 0
 379 0004 054B     		ldr	r3, .L30
 380 0006 1A68     		ldr	r2, [r3]
 381 0008 8023     		mov	r3, #128
 382 000a 1B03     		lsl	r3, r3, #12
 383 000c 1340     		and	r3, r2
 384 000e 01D0     		beq	.L27
 385              		.loc 1 282 0 is_stmt 0 discriminator 1
 386 0010 0123     		mov	r3, #1
 387 0012 00E0     		b	.L28
 388              	.L27:
 389              		.loc 1 282 0 discriminator 2
 390 0014 0023     		mov	r3, #0
 391              	.L28:
 283:.\Generated_Source\PSoC4/isr_1.c **** }
 392              		.loc 1 283 0 is_stmt 1 discriminator 3
 393 0016 181C     		mov	r0, r3
 394 0018 BD46     		mov	sp, r7
 395              		@ sp needed
 396 001a 80BD     		pop	{r7, pc}
 397              	.L31:
 398              		.align	2
 399              	.L30:
 400 001c 00E100E0 		.word	-536813312
ARM GAS  C:\Users\Samuel\AppData\Local\Temp\ccLiZSCX.s 			page 13


 401              		.cfi_endproc
 402              	.LFE9:
 403              		.size	isr_1_GetState, .-isr_1_GetState
 404              		.section	.text.isr_1_Disable,"ax",%progbits
 405              		.align	2
 406              		.global	isr_1_Disable
 407              		.code	16
 408              		.thumb_func
 409              		.type	isr_1_Disable, %function
 410              	isr_1_Disable:
 411              	.LFB10:
 284:.\Generated_Source\PSoC4/isr_1.c **** 
 285:.\Generated_Source\PSoC4/isr_1.c **** 
 286:.\Generated_Source\PSoC4/isr_1.c **** /*******************************************************************************
 287:.\Generated_Source\PSoC4/isr_1.c **** * Function Name: isr_1_Disable
 288:.\Generated_Source\PSoC4/isr_1.c **** ********************************************************************************
 289:.\Generated_Source\PSoC4/isr_1.c **** *
 290:.\Generated_Source\PSoC4/isr_1.c **** * Summary:
 291:.\Generated_Source\PSoC4/isr_1.c **** *   Disables the Interrupt.
 292:.\Generated_Source\PSoC4/isr_1.c **** *
 293:.\Generated_Source\PSoC4/isr_1.c **** * Parameters:
 294:.\Generated_Source\PSoC4/isr_1.c **** *   None
 295:.\Generated_Source\PSoC4/isr_1.c **** *
 296:.\Generated_Source\PSoC4/isr_1.c **** * Return:
 297:.\Generated_Source\PSoC4/isr_1.c **** *   None
 298:.\Generated_Source\PSoC4/isr_1.c **** *
 299:.\Generated_Source\PSoC4/isr_1.c **** *******************************************************************************/
 300:.\Generated_Source\PSoC4/isr_1.c **** void isr_1_Disable(void)
 301:.\Generated_Source\PSoC4/isr_1.c **** {
 412              		.loc 1 301 0
 413              		.cfi_startproc
 414 0000 80B5     		push	{r7, lr}
 415              		.cfi_def_cfa_offset 8
 416              		.cfi_offset 7, -8
 417              		.cfi_offset 14, -4
 418 0002 00AF     		add	r7, sp, #0
 419              		.cfi_def_cfa_register 7
 302:.\Generated_Source\PSoC4/isr_1.c ****     /* Disable the general interrupt. */
 303:.\Generated_Source\PSoC4/isr_1.c ****     *isr_1_INTC_CLR_EN = isr_1__INTC_MASK;
 420              		.loc 1 303 0
 421 0004 024B     		ldr	r3, .L33
 422 0006 8022     		mov	r2, #128
 423 0008 1203     		lsl	r2, r2, #12
 424 000a 1A60     		str	r2, [r3]
 304:.\Generated_Source\PSoC4/isr_1.c **** }
 425              		.loc 1 304 0
 426 000c BD46     		mov	sp, r7
 427              		@ sp needed
 428 000e 80BD     		pop	{r7, pc}
 429              	.L34:
 430              		.align	2
 431              	.L33:
 432 0010 80E100E0 		.word	-536813184
 433              		.cfi_endproc
 434              	.LFE10:
 435              		.size	isr_1_Disable, .-isr_1_Disable
 436              		.section	.text.isr_1_SetPending,"ax",%progbits
ARM GAS  C:\Users\Samuel\AppData\Local\Temp\ccLiZSCX.s 			page 14


 437              		.align	2
 438              		.global	isr_1_SetPending
 439              		.code	16
 440              		.thumb_func
 441              		.type	isr_1_SetPending, %function
 442              	isr_1_SetPending:
 443              	.LFB11:
 305:.\Generated_Source\PSoC4/isr_1.c **** 
 306:.\Generated_Source\PSoC4/isr_1.c **** 
 307:.\Generated_Source\PSoC4/isr_1.c **** /*******************************************************************************
 308:.\Generated_Source\PSoC4/isr_1.c **** * Function Name: isr_1_SetPending
 309:.\Generated_Source\PSoC4/isr_1.c **** ********************************************************************************
 310:.\Generated_Source\PSoC4/isr_1.c **** *
 311:.\Generated_Source\PSoC4/isr_1.c **** * Summary:
 312:.\Generated_Source\PSoC4/isr_1.c **** *   Causes the Interrupt to enter the pending state, a software method of
 313:.\Generated_Source\PSoC4/isr_1.c **** *   generating the interrupt.
 314:.\Generated_Source\PSoC4/isr_1.c **** *
 315:.\Generated_Source\PSoC4/isr_1.c **** * Parameters:
 316:.\Generated_Source\PSoC4/isr_1.c **** *   None
 317:.\Generated_Source\PSoC4/isr_1.c **** *
 318:.\Generated_Source\PSoC4/isr_1.c **** * Return:
 319:.\Generated_Source\PSoC4/isr_1.c **** *   None
 320:.\Generated_Source\PSoC4/isr_1.c **** *
 321:.\Generated_Source\PSoC4/isr_1.c **** *******************************************************************************/
 322:.\Generated_Source\PSoC4/isr_1.c **** void isr_1_SetPending(void)
 323:.\Generated_Source\PSoC4/isr_1.c **** {
 444              		.loc 1 323 0
 445              		.cfi_startproc
 446 0000 80B5     		push	{r7, lr}
 447              		.cfi_def_cfa_offset 8
 448              		.cfi_offset 7, -8
 449              		.cfi_offset 14, -4
 450 0002 00AF     		add	r7, sp, #0
 451              		.cfi_def_cfa_register 7
 324:.\Generated_Source\PSoC4/isr_1.c ****     *isr_1_INTC_SET_PD = isr_1__INTC_MASK;
 452              		.loc 1 324 0
 453 0004 024B     		ldr	r3, .L36
 454 0006 8022     		mov	r2, #128
 455 0008 1203     		lsl	r2, r2, #12
 456 000a 1A60     		str	r2, [r3]
 325:.\Generated_Source\PSoC4/isr_1.c **** }
 457              		.loc 1 325 0
 458 000c BD46     		mov	sp, r7
 459              		@ sp needed
 460 000e 80BD     		pop	{r7, pc}
 461              	.L37:
 462              		.align	2
 463              	.L36:
 464 0010 00E200E0 		.word	-536813056
 465              		.cfi_endproc
 466              	.LFE11:
 467              		.size	isr_1_SetPending, .-isr_1_SetPending
 468              		.section	.text.isr_1_ClearPending,"ax",%progbits
 469              		.align	2
 470              		.global	isr_1_ClearPending
 471              		.code	16
 472              		.thumb_func
ARM GAS  C:\Users\Samuel\AppData\Local\Temp\ccLiZSCX.s 			page 15


 473              		.type	isr_1_ClearPending, %function
 474              	isr_1_ClearPending:
 475              	.LFB12:
 326:.\Generated_Source\PSoC4/isr_1.c **** 
 327:.\Generated_Source\PSoC4/isr_1.c **** 
 328:.\Generated_Source\PSoC4/isr_1.c **** /*******************************************************************************
 329:.\Generated_Source\PSoC4/isr_1.c **** * Function Name: isr_1_ClearPending
 330:.\Generated_Source\PSoC4/isr_1.c **** ********************************************************************************
 331:.\Generated_Source\PSoC4/isr_1.c **** *
 332:.\Generated_Source\PSoC4/isr_1.c **** * Summary:
 333:.\Generated_Source\PSoC4/isr_1.c **** *   Clears a pending interrupt.
 334:.\Generated_Source\PSoC4/isr_1.c **** *
 335:.\Generated_Source\PSoC4/isr_1.c **** * Parameters:
 336:.\Generated_Source\PSoC4/isr_1.c **** *   None
 337:.\Generated_Source\PSoC4/isr_1.c **** *
 338:.\Generated_Source\PSoC4/isr_1.c **** * Return:
 339:.\Generated_Source\PSoC4/isr_1.c **** *   None
 340:.\Generated_Source\PSoC4/isr_1.c **** *
 341:.\Generated_Source\PSoC4/isr_1.c **** *******************************************************************************/
 342:.\Generated_Source\PSoC4/isr_1.c **** void isr_1_ClearPending(void)
 343:.\Generated_Source\PSoC4/isr_1.c **** {
 476              		.loc 1 343 0
 477              		.cfi_startproc
 478 0000 80B5     		push	{r7, lr}
 479              		.cfi_def_cfa_offset 8
 480              		.cfi_offset 7, -8
 481              		.cfi_offset 14, -4
 482 0002 00AF     		add	r7, sp, #0
 483              		.cfi_def_cfa_register 7
 344:.\Generated_Source\PSoC4/isr_1.c ****     *isr_1_INTC_CLR_PD = isr_1__INTC_MASK;
 484              		.loc 1 344 0
 485 0004 024B     		ldr	r3, .L39
 486 0006 8022     		mov	r2, #128
 487 0008 1203     		lsl	r2, r2, #12
 488 000a 1A60     		str	r2, [r3]
 345:.\Generated_Source\PSoC4/isr_1.c **** }
 489              		.loc 1 345 0
 490 000c BD46     		mov	sp, r7
 491              		@ sp needed
 492 000e 80BD     		pop	{r7, pc}
 493              	.L40:
 494              		.align	2
 495              	.L39:
 496 0010 80E200E0 		.word	-536812928
 497              		.cfi_endproc
 498              	.LFE12:
 499              		.size	isr_1_ClearPending, .-isr_1_ClearPending
 500              		.text
 501              	.Letext0:
 502              		.file 2 ".\\Generated_Source\\PSoC4/cytypes.h"
 503              		.section	.debug_info,"",%progbits
 504              	.Ldebug_info0:
 505 0000 3D020000 		.4byte	0x23d
 506 0004 0400     		.2byte	0x4
 507 0006 00000000 		.4byte	.Ldebug_abbrev0
 508 000a 04       		.byte	0x4
 509 000b 01       		.uleb128 0x1
ARM GAS  C:\Users\Samuel\AppData\Local\Temp\ccLiZSCX.s 			page 16


 510 000c 96000000 		.4byte	.LASF33
 511 0010 01       		.byte	0x1
 512 0011 BD010000 		.4byte	.LASF34
 513 0015 DE010000 		.4byte	.LASF35
 514 0019 00000000 		.4byte	.Ldebug_ranges0+0
 515 001d 00000000 		.4byte	0
 516 0021 00000000 		.4byte	.Ldebug_line0
 517 0025 02       		.uleb128 0x2
 518 0026 01       		.byte	0x1
 519 0027 06       		.byte	0x6
 520 0028 91020000 		.4byte	.LASF0
 521 002c 02       		.uleb128 0x2
 522 002d 01       		.byte	0x1
 523 002e 08       		.byte	0x8
 524 002f 1D010000 		.4byte	.LASF1
 525 0033 02       		.uleb128 0x2
 526 0034 02       		.byte	0x2
 527 0035 05       		.byte	0x5
 528 0036 4F020000 		.4byte	.LASF2
 529 003a 02       		.uleb128 0x2
 530 003b 02       		.byte	0x2
 531 003c 07       		.byte	0x7
 532 003d 6B000000 		.4byte	.LASF3
 533 0041 02       		.uleb128 0x2
 534 0042 04       		.byte	0x4
 535 0043 05       		.byte	0x5
 536 0044 88020000 		.4byte	.LASF4
 537 0048 02       		.uleb128 0x2
 538 0049 04       		.byte	0x4
 539 004a 07       		.byte	0x7
 540 004b 3A010000 		.4byte	.LASF5
 541 004f 02       		.uleb128 0x2
 542 0050 08       		.byte	0x8
 543 0051 05       		.byte	0x5
 544 0052 2F020000 		.4byte	.LASF6
 545 0056 02       		.uleb128 0x2
 546 0057 08       		.byte	0x8
 547 0058 07       		.byte	0x7
 548 0059 90010000 		.4byte	.LASF7
 549 005d 03       		.uleb128 0x3
 550 005e 04       		.byte	0x4
 551 005f 05       		.byte	0x5
 552 0060 696E7400 		.ascii	"int\000"
 553 0064 02       		.uleb128 0x2
 554 0065 04       		.byte	0x4
 555 0066 07       		.byte	0x7
 556 0067 7B010000 		.4byte	.LASF8
 557 006b 04       		.uleb128 0x4
 558 006c 4C010000 		.4byte	.LASF9
 559 0070 02       		.byte	0x2
 560 0071 A1       		.byte	0xa1
 561 0072 2C000000 		.4byte	0x2c
 562 0076 04       		.uleb128 0x4
 563 0077 74010000 		.4byte	.LASF10
 564 007b 02       		.byte	0x2
 565 007c A3       		.byte	0xa3
 566 007d 48000000 		.4byte	0x48
ARM GAS  C:\Users\Samuel\AppData\Local\Temp\ccLiZSCX.s 			page 17


 567 0081 02       		.uleb128 0x2
 568 0082 04       		.byte	0x4
 569 0083 04       		.byte	0x4
 570 0084 90000000 		.4byte	.LASF11
 571 0088 02       		.uleb128 0x2
 572 0089 08       		.byte	0x8
 573 008a 04       		.byte	0x4
 574 008b 5B010000 		.4byte	.LASF12
 575 008f 02       		.uleb128 0x2
 576 0090 01       		.byte	0x1
 577 0091 08       		.byte	0x8
 578 0092 4A020000 		.4byte	.LASF13
 579 0096 05       		.uleb128 0x5
 580 0097 13000000 		.4byte	.LASF14
 581 009b 02       		.byte	0x2
 582 009c 4D01     		.2byte	0x14d
 583 009e A2000000 		.4byte	0xa2
 584 00a2 06       		.uleb128 0x6
 585 00a3 76000000 		.4byte	0x76
 586 00a7 05       		.uleb128 0x5
 587 00a8 A7010000 		.4byte	.LASF15
 588 00ac 02       		.byte	0x2
 589 00ad 5D01     		.2byte	0x15d
 590 00af B3000000 		.4byte	0xb3
 591 00b3 07       		.uleb128 0x7
 592 00b4 04       		.byte	0x4
 593 00b5 B9000000 		.4byte	0xb9
 594 00b9 08       		.uleb128 0x8
 595 00ba 02       		.uleb128 0x2
 596 00bb 04       		.byte	0x4
 597 00bc 07       		.byte	0x7
 598 00bd B4010000 		.4byte	.LASF16
 599 00c1 09       		.uleb128 0x9
 600 00c2 5F000000 		.4byte	.LASF17
 601 00c6 01       		.byte	0x1
 602 00c7 34       		.byte	0x34
 603 00c8 00000000 		.4byte	.LFB0
 604 00cc 24000000 		.4byte	.LFE0-.LFB0
 605 00d0 01       		.uleb128 0x1
 606 00d1 9C       		.byte	0x9c
 607 00d2 0A       		.uleb128 0xa
 608 00d3 9D020000 		.4byte	.LASF20
 609 00d7 01       		.byte	0x1
 610 00d8 52       		.byte	0x52
 611 00d9 00000000 		.4byte	.LFB1
 612 00dd 24000000 		.4byte	.LFE1-.LFB1
 613 00e1 01       		.uleb128 0x1
 614 00e2 9C       		.byte	0x9c
 615 00e3 F6000000 		.4byte	0xf6
 616 00e7 0B       		.uleb128 0xb
 617 00e8 88010000 		.4byte	.LASF22
 618 00ec 01       		.byte	0x1
 619 00ed 52       		.byte	0x52
 620 00ee A7000000 		.4byte	0xa7
 621 00f2 02       		.uleb128 0x2
 622 00f3 91       		.byte	0x91
 623 00f4 74       		.sleb128 -12
ARM GAS  C:\Users\Samuel\AppData\Local\Temp\ccLiZSCX.s 			page 18


 624 00f5 00       		.byte	0
 625 00f6 09       		.uleb128 0x9
 626 00f7 54000000 		.4byte	.LASF18
 627 00fb 01       		.byte	0x1
 628 00fc 6F       		.byte	0x6f
 629 00fd 00000000 		.4byte	.LFB2
 630 0101 18000000 		.4byte	.LFE2-.LFB2
 631 0105 01       		.uleb128 0x1
 632 0106 9C       		.byte	0x9c
 633 0107 0C       		.uleb128 0xc
 634 0108 69020000 		.4byte	.LASF19
 635 010c 01       		.byte	0x1
 636 010d 8A       		.byte	0x8a
 637 010e 00000000 		.4byte	.LFB3
 638 0112 08000000 		.4byte	.LFE3-.LFB3
 639 0116 01       		.uleb128 0x1
 640 0117 9C       		.byte	0x9c
 641 0118 0D       		.uleb128 0xd
 642 0119 AB020000 		.4byte	.LASF21
 643 011d 01       		.byte	0x1
 644 011e A3       		.byte	0xa3
 645 011f 00000000 		.4byte	.LFB4
 646 0123 1C000000 		.4byte	.LFE4-.LFB4
 647 0127 01       		.uleb128 0x1
 648 0128 9C       		.byte	0x9c
 649 0129 3C010000 		.4byte	0x13c
 650 012d 0B       		.uleb128 0xb
 651 012e 88010000 		.4byte	.LASF22
 652 0132 01       		.byte	0x1
 653 0133 A3       		.byte	0xa3
 654 0134 A7000000 		.4byte	0xa7
 655 0138 02       		.uleb128 0x2
 656 0139 91       		.byte	0x91
 657 013a 74       		.sleb128 -12
 658 013b 00       		.byte	0
 659 013c 0E       		.uleb128 0xe
 660 013d 59020000 		.4byte	.LASF28
 661 0141 01       		.byte	0x1
 662 0142 B7       		.byte	0xb7
 663 0143 A7000000 		.4byte	0xa7
 664 0147 00000000 		.4byte	.LFB5
 665 014b 14000000 		.4byte	.LFE5-.LFB5
 666 014f 01       		.uleb128 0x1
 667 0150 9C       		.byte	0x9c
 668 0151 0A       		.uleb128 0xa
 669 0152 62010000 		.4byte	.LASF23
 670 0156 01       		.byte	0x1
 671 0157 CF       		.byte	0xcf
 672 0158 00000000 		.4byte	.LFB6
 673 015c 4C000000 		.4byte	.LFE6-.LFB6
 674 0160 01       		.uleb128 0x1
 675 0161 9C       		.byte	0x9c
 676 0162 91010000 		.4byte	0x191
 677 0166 0B       		.uleb128 0xb
 678 0167 52010000 		.4byte	.LASF24
 679 016b 01       		.byte	0x1
 680 016c CF       		.byte	0xcf
ARM GAS  C:\Users\Samuel\AppData\Local\Temp\ccLiZSCX.s 			page 19


 681 016d 6B000000 		.4byte	0x6b
 682 0171 02       		.uleb128 0x2
 683 0172 91       		.byte	0x91
 684 0173 67       		.sleb128 -25
 685 0174 0F       		.uleb128 0xf
 686 0175 2B010000 		.4byte	.LASF25
 687 0179 01       		.byte	0x1
 688 017a D1       		.byte	0xd1
 689 017b 6B000000 		.4byte	0x6b
 690 017f 02       		.uleb128 0x2
 691 0180 91       		.byte	0x91
 692 0181 6B       		.sleb128 -21
 693 0182 0F       		.uleb128 0xf
 694 0183 79020000 		.4byte	.LASF26
 695 0187 01       		.byte	0x1
 696 0188 D2       		.byte	0xd2
 697 0189 76000000 		.4byte	0x76
 698 018d 02       		.uleb128 0x2
 699 018e 91       		.byte	0x91
 700 018f 6C       		.sleb128 -20
 701 0190 00       		.byte	0
 702 0191 10       		.uleb128 0x10
 703 0192 7E000000 		.4byte	.LASF36
 704 0196 01       		.byte	0x1
 705 0197 E9       		.byte	0xe9
 706 0198 6B000000 		.4byte	0x6b
 707 019c 00000000 		.4byte	.LFB7
 708 01a0 2C000000 		.4byte	.LFE7-.LFB7
 709 01a4 01       		.uleb128 0x1
 710 01a5 9C       		.byte	0x9c
 711 01a6 C7010000 		.4byte	0x1c7
 712 01aa 0F       		.uleb128 0xf
 713 01ab 52010000 		.4byte	.LASF24
 714 01af 01       		.byte	0x1
 715 01b0 EB       		.byte	0xeb
 716 01b1 76000000 		.4byte	0x76
 717 01b5 02       		.uleb128 0x2
 718 01b6 91       		.byte	0x91
 719 01b7 70       		.sleb128 -16
 720 01b8 0F       		.uleb128 0xf
 721 01b9 79020000 		.4byte	.LASF26
 722 01bd 01       		.byte	0x1
 723 01be EC       		.byte	0xec
 724 01bf 76000000 		.4byte	0x76
 725 01c3 02       		.uleb128 0x2
 726 01c4 91       		.byte	0x91
 727 01c5 74       		.sleb128 -12
 728 01c6 00       		.byte	0
 729 01c7 11       		.uleb128 0x11
 730 01c8 3D020000 		.4byte	.LASF27
 731 01cc 01       		.byte	0x1
 732 01cd 0201     		.2byte	0x102
 733 01cf 00000000 		.4byte	.LFB8
 734 01d3 14000000 		.4byte	.LFE8-.LFB8
 735 01d7 01       		.uleb128 0x1
 736 01d8 9C       		.byte	0x9c
 737 01d9 12       		.uleb128 0x12
ARM GAS  C:\Users\Samuel\AppData\Local\Temp\ccLiZSCX.s 			page 20


 738 01da 2A000000 		.4byte	.LASF29
 739 01de 01       		.byte	0x1
 740 01df 1701     		.2byte	0x117
 741 01e1 6B000000 		.4byte	0x6b
 742 01e5 00000000 		.4byte	.LFB9
 743 01e9 20000000 		.4byte	.LFE9-.LFB9
 744 01ed 01       		.uleb128 0x1
 745 01ee 9C       		.byte	0x9c
 746 01ef 11       		.uleb128 0x11
 747 01f0 46000000 		.4byte	.LASF30
 748 01f4 01       		.byte	0x1
 749 01f5 2C01     		.2byte	0x12c
 750 01f7 00000000 		.4byte	.LFB10
 751 01fb 14000000 		.4byte	.LFE10-.LFB10
 752 01ff 01       		.uleb128 0x1
 753 0200 9C       		.byte	0x9c
 754 0201 11       		.uleb128 0x11
 755 0202 19000000 		.4byte	.LASF31
 756 0206 01       		.byte	0x1
 757 0207 4201     		.2byte	0x142
 758 0209 00000000 		.4byte	.LFB11
 759 020d 14000000 		.4byte	.LFE11-.LFB11
 760 0211 01       		.uleb128 0x1
 761 0212 9C       		.byte	0x9c
 762 0213 11       		.uleb128 0x11
 763 0214 00000000 		.4byte	.LASF32
 764 0218 01       		.byte	0x1
 765 0219 5601     		.2byte	0x156
 766 021b 00000000 		.4byte	.LFB12
 767 021f 14000000 		.4byte	.LFE12-.LFB12
 768 0223 01       		.uleb128 0x1
 769 0224 9C       		.byte	0x9c
 770 0225 13       		.uleb128 0x13
 771 0226 A7000000 		.4byte	0xa7
 772 022a 35020000 		.4byte	0x235
 773 022e 14       		.uleb128 0x14
 774 022f BA000000 		.4byte	0xba
 775 0233 2F       		.byte	0x2f
 776 0234 00       		.byte	0
 777 0235 15       		.uleb128 0x15
 778 0236 39000000 		.4byte	.LASF37
 779 023a 01       		.byte	0x1
 780 023b 20       		.byte	0x20
 781 023c 25020000 		.4byte	0x225
 782 0240 00       		.byte	0
 783              		.section	.debug_abbrev,"",%progbits
 784              	.Ldebug_abbrev0:
 785 0000 01       		.uleb128 0x1
 786 0001 11       		.uleb128 0x11
 787 0002 01       		.byte	0x1
 788 0003 25       		.uleb128 0x25
 789 0004 0E       		.uleb128 0xe
 790 0005 13       		.uleb128 0x13
 791 0006 0B       		.uleb128 0xb
 792 0007 03       		.uleb128 0x3
 793 0008 0E       		.uleb128 0xe
 794 0009 1B       		.uleb128 0x1b
ARM GAS  C:\Users\Samuel\AppData\Local\Temp\ccLiZSCX.s 			page 21


 795 000a 0E       		.uleb128 0xe
 796 000b 55       		.uleb128 0x55
 797 000c 17       		.uleb128 0x17
 798 000d 11       		.uleb128 0x11
 799 000e 01       		.uleb128 0x1
 800 000f 10       		.uleb128 0x10
 801 0010 17       		.uleb128 0x17
 802 0011 00       		.byte	0
 803 0012 00       		.byte	0
 804 0013 02       		.uleb128 0x2
 805 0014 24       		.uleb128 0x24
 806 0015 00       		.byte	0
 807 0016 0B       		.uleb128 0xb
 808 0017 0B       		.uleb128 0xb
 809 0018 3E       		.uleb128 0x3e
 810 0019 0B       		.uleb128 0xb
 811 001a 03       		.uleb128 0x3
 812 001b 0E       		.uleb128 0xe
 813 001c 00       		.byte	0
 814 001d 00       		.byte	0
 815 001e 03       		.uleb128 0x3
 816 001f 24       		.uleb128 0x24
 817 0020 00       		.byte	0
 818 0021 0B       		.uleb128 0xb
 819 0022 0B       		.uleb128 0xb
 820 0023 3E       		.uleb128 0x3e
 821 0024 0B       		.uleb128 0xb
 822 0025 03       		.uleb128 0x3
 823 0026 08       		.uleb128 0x8
 824 0027 00       		.byte	0
 825 0028 00       		.byte	0
 826 0029 04       		.uleb128 0x4
 827 002a 16       		.uleb128 0x16
 828 002b 00       		.byte	0
 829 002c 03       		.uleb128 0x3
 830 002d 0E       		.uleb128 0xe
 831 002e 3A       		.uleb128 0x3a
 832 002f 0B       		.uleb128 0xb
 833 0030 3B       		.uleb128 0x3b
 834 0031 0B       		.uleb128 0xb
 835 0032 49       		.uleb128 0x49
 836 0033 13       		.uleb128 0x13
 837 0034 00       		.byte	0
 838 0035 00       		.byte	0
 839 0036 05       		.uleb128 0x5
 840 0037 16       		.uleb128 0x16
 841 0038 00       		.byte	0
 842 0039 03       		.uleb128 0x3
 843 003a 0E       		.uleb128 0xe
 844 003b 3A       		.uleb128 0x3a
 845 003c 0B       		.uleb128 0xb
 846 003d 3B       		.uleb128 0x3b
 847 003e 05       		.uleb128 0x5
 848 003f 49       		.uleb128 0x49
 849 0040 13       		.uleb128 0x13
 850 0041 00       		.byte	0
 851 0042 00       		.byte	0
ARM GAS  C:\Users\Samuel\AppData\Local\Temp\ccLiZSCX.s 			page 22


 852 0043 06       		.uleb128 0x6
 853 0044 35       		.uleb128 0x35
 854 0045 00       		.byte	0
 855 0046 49       		.uleb128 0x49
 856 0047 13       		.uleb128 0x13
 857 0048 00       		.byte	0
 858 0049 00       		.byte	0
 859 004a 07       		.uleb128 0x7
 860 004b 0F       		.uleb128 0xf
 861 004c 00       		.byte	0
 862 004d 0B       		.uleb128 0xb
 863 004e 0B       		.uleb128 0xb
 864 004f 49       		.uleb128 0x49
 865 0050 13       		.uleb128 0x13
 866 0051 00       		.byte	0
 867 0052 00       		.byte	0
 868 0053 08       		.uleb128 0x8
 869 0054 15       		.uleb128 0x15
 870 0055 00       		.byte	0
 871 0056 27       		.uleb128 0x27
 872 0057 19       		.uleb128 0x19
 873 0058 00       		.byte	0
 874 0059 00       		.byte	0
 875 005a 09       		.uleb128 0x9
 876 005b 2E       		.uleb128 0x2e
 877 005c 00       		.byte	0
 878 005d 3F       		.uleb128 0x3f
 879 005e 19       		.uleb128 0x19
 880 005f 03       		.uleb128 0x3
 881 0060 0E       		.uleb128 0xe
 882 0061 3A       		.uleb128 0x3a
 883 0062 0B       		.uleb128 0xb
 884 0063 3B       		.uleb128 0x3b
 885 0064 0B       		.uleb128 0xb
 886 0065 27       		.uleb128 0x27
 887 0066 19       		.uleb128 0x19
 888 0067 11       		.uleb128 0x11
 889 0068 01       		.uleb128 0x1
 890 0069 12       		.uleb128 0x12
 891 006a 06       		.uleb128 0x6
 892 006b 40       		.uleb128 0x40
 893 006c 18       		.uleb128 0x18
 894 006d 9642     		.uleb128 0x2116
 895 006f 19       		.uleb128 0x19
 896 0070 00       		.byte	0
 897 0071 00       		.byte	0
 898 0072 0A       		.uleb128 0xa
 899 0073 2E       		.uleb128 0x2e
 900 0074 01       		.byte	0x1
 901 0075 3F       		.uleb128 0x3f
 902 0076 19       		.uleb128 0x19
 903 0077 03       		.uleb128 0x3
 904 0078 0E       		.uleb128 0xe
 905 0079 3A       		.uleb128 0x3a
 906 007a 0B       		.uleb128 0xb
 907 007b 3B       		.uleb128 0x3b
 908 007c 0B       		.uleb128 0xb
ARM GAS  C:\Users\Samuel\AppData\Local\Temp\ccLiZSCX.s 			page 23


 909 007d 27       		.uleb128 0x27
 910 007e 19       		.uleb128 0x19
 911 007f 11       		.uleb128 0x11
 912 0080 01       		.uleb128 0x1
 913 0081 12       		.uleb128 0x12
 914 0082 06       		.uleb128 0x6
 915 0083 40       		.uleb128 0x40
 916 0084 18       		.uleb128 0x18
 917 0085 9642     		.uleb128 0x2116
 918 0087 19       		.uleb128 0x19
 919 0088 01       		.uleb128 0x1
 920 0089 13       		.uleb128 0x13
 921 008a 00       		.byte	0
 922 008b 00       		.byte	0
 923 008c 0B       		.uleb128 0xb
 924 008d 05       		.uleb128 0x5
 925 008e 00       		.byte	0
 926 008f 03       		.uleb128 0x3
 927 0090 0E       		.uleb128 0xe
 928 0091 3A       		.uleb128 0x3a
 929 0092 0B       		.uleb128 0xb
 930 0093 3B       		.uleb128 0x3b
 931 0094 0B       		.uleb128 0xb
 932 0095 49       		.uleb128 0x49
 933 0096 13       		.uleb128 0x13
 934 0097 02       		.uleb128 0x2
 935 0098 18       		.uleb128 0x18
 936 0099 00       		.byte	0
 937 009a 00       		.byte	0
 938 009b 0C       		.uleb128 0xc
 939 009c 2E       		.uleb128 0x2e
 940 009d 00       		.byte	0
 941 009e 3F       		.uleb128 0x3f
 942 009f 19       		.uleb128 0x19
 943 00a0 03       		.uleb128 0x3
 944 00a1 0E       		.uleb128 0xe
 945 00a2 3A       		.uleb128 0x3a
 946 00a3 0B       		.uleb128 0xb
 947 00a4 3B       		.uleb128 0x3b
 948 00a5 0B       		.uleb128 0xb
 949 00a6 27       		.uleb128 0x27
 950 00a7 19       		.uleb128 0x19
 951 00a8 11       		.uleb128 0x11
 952 00a9 01       		.uleb128 0x1
 953 00aa 12       		.uleb128 0x12
 954 00ab 06       		.uleb128 0x6
 955 00ac 40       		.uleb128 0x40
 956 00ad 18       		.uleb128 0x18
 957 00ae 9742     		.uleb128 0x2117
 958 00b0 19       		.uleb128 0x19
 959 00b1 00       		.byte	0
 960 00b2 00       		.byte	0
 961 00b3 0D       		.uleb128 0xd
 962 00b4 2E       		.uleb128 0x2e
 963 00b5 01       		.byte	0x1
 964 00b6 3F       		.uleb128 0x3f
 965 00b7 19       		.uleb128 0x19
ARM GAS  C:\Users\Samuel\AppData\Local\Temp\ccLiZSCX.s 			page 24


 966 00b8 03       		.uleb128 0x3
 967 00b9 0E       		.uleb128 0xe
 968 00ba 3A       		.uleb128 0x3a
 969 00bb 0B       		.uleb128 0xb
 970 00bc 3B       		.uleb128 0x3b
 971 00bd 0B       		.uleb128 0xb
 972 00be 27       		.uleb128 0x27
 973 00bf 19       		.uleb128 0x19
 974 00c0 11       		.uleb128 0x11
 975 00c1 01       		.uleb128 0x1
 976 00c2 12       		.uleb128 0x12
 977 00c3 06       		.uleb128 0x6
 978 00c4 40       		.uleb128 0x40
 979 00c5 18       		.uleb128 0x18
 980 00c6 9742     		.uleb128 0x2117
 981 00c8 19       		.uleb128 0x19
 982 00c9 01       		.uleb128 0x1
 983 00ca 13       		.uleb128 0x13
 984 00cb 00       		.byte	0
 985 00cc 00       		.byte	0
 986 00cd 0E       		.uleb128 0xe
 987 00ce 2E       		.uleb128 0x2e
 988 00cf 00       		.byte	0
 989 00d0 3F       		.uleb128 0x3f
 990 00d1 19       		.uleb128 0x19
 991 00d2 03       		.uleb128 0x3
 992 00d3 0E       		.uleb128 0xe
 993 00d4 3A       		.uleb128 0x3a
 994 00d5 0B       		.uleb128 0xb
 995 00d6 3B       		.uleb128 0x3b
 996 00d7 0B       		.uleb128 0xb
 997 00d8 27       		.uleb128 0x27
 998 00d9 19       		.uleb128 0x19
 999 00da 49       		.uleb128 0x49
 1000 00db 13       		.uleb128 0x13
 1001 00dc 11       		.uleb128 0x11
 1002 00dd 01       		.uleb128 0x1
 1003 00de 12       		.uleb128 0x12
 1004 00df 06       		.uleb128 0x6
 1005 00e0 40       		.uleb128 0x40
 1006 00e1 18       		.uleb128 0x18
 1007 00e2 9742     		.uleb128 0x2117
 1008 00e4 19       		.uleb128 0x19
 1009 00e5 00       		.byte	0
 1010 00e6 00       		.byte	0
 1011 00e7 0F       		.uleb128 0xf
 1012 00e8 34       		.uleb128 0x34
 1013 00e9 00       		.byte	0
 1014 00ea 03       		.uleb128 0x3
 1015 00eb 0E       		.uleb128 0xe
 1016 00ec 3A       		.uleb128 0x3a
 1017 00ed 0B       		.uleb128 0xb
 1018 00ee 3B       		.uleb128 0x3b
 1019 00ef 0B       		.uleb128 0xb
 1020 00f0 49       		.uleb128 0x49
 1021 00f1 13       		.uleb128 0x13
 1022 00f2 02       		.uleb128 0x2
ARM GAS  C:\Users\Samuel\AppData\Local\Temp\ccLiZSCX.s 			page 25


 1023 00f3 18       		.uleb128 0x18
 1024 00f4 00       		.byte	0
 1025 00f5 00       		.byte	0
 1026 00f6 10       		.uleb128 0x10
 1027 00f7 2E       		.uleb128 0x2e
 1028 00f8 01       		.byte	0x1
 1029 00f9 3F       		.uleb128 0x3f
 1030 00fa 19       		.uleb128 0x19
 1031 00fb 03       		.uleb128 0x3
 1032 00fc 0E       		.uleb128 0xe
 1033 00fd 3A       		.uleb128 0x3a
 1034 00fe 0B       		.uleb128 0xb
 1035 00ff 3B       		.uleb128 0x3b
 1036 0100 0B       		.uleb128 0xb
 1037 0101 27       		.uleb128 0x27
 1038 0102 19       		.uleb128 0x19
 1039 0103 49       		.uleb128 0x49
 1040 0104 13       		.uleb128 0x13
 1041 0105 11       		.uleb128 0x11
 1042 0106 01       		.uleb128 0x1
 1043 0107 12       		.uleb128 0x12
 1044 0108 06       		.uleb128 0x6
 1045 0109 40       		.uleb128 0x40
 1046 010a 18       		.uleb128 0x18
 1047 010b 9742     		.uleb128 0x2117
 1048 010d 19       		.uleb128 0x19
 1049 010e 01       		.uleb128 0x1
 1050 010f 13       		.uleb128 0x13
 1051 0110 00       		.byte	0
 1052 0111 00       		.byte	0
 1053 0112 11       		.uleb128 0x11
 1054 0113 2E       		.uleb128 0x2e
 1055 0114 00       		.byte	0
 1056 0115 3F       		.uleb128 0x3f
 1057 0116 19       		.uleb128 0x19
 1058 0117 03       		.uleb128 0x3
 1059 0118 0E       		.uleb128 0xe
 1060 0119 3A       		.uleb128 0x3a
 1061 011a 0B       		.uleb128 0xb
 1062 011b 3B       		.uleb128 0x3b
 1063 011c 05       		.uleb128 0x5
 1064 011d 27       		.uleb128 0x27
 1065 011e 19       		.uleb128 0x19
 1066 011f 11       		.uleb128 0x11
 1067 0120 01       		.uleb128 0x1
 1068 0121 12       		.uleb128 0x12
 1069 0122 06       		.uleb128 0x6
 1070 0123 40       		.uleb128 0x40
 1071 0124 18       		.uleb128 0x18
 1072 0125 9742     		.uleb128 0x2117
 1073 0127 19       		.uleb128 0x19
 1074 0128 00       		.byte	0
 1075 0129 00       		.byte	0
 1076 012a 12       		.uleb128 0x12
 1077 012b 2E       		.uleb128 0x2e
 1078 012c 00       		.byte	0
 1079 012d 3F       		.uleb128 0x3f
ARM GAS  C:\Users\Samuel\AppData\Local\Temp\ccLiZSCX.s 			page 26


 1080 012e 19       		.uleb128 0x19
 1081 012f 03       		.uleb128 0x3
 1082 0130 0E       		.uleb128 0xe
 1083 0131 3A       		.uleb128 0x3a
 1084 0132 0B       		.uleb128 0xb
 1085 0133 3B       		.uleb128 0x3b
 1086 0134 05       		.uleb128 0x5
 1087 0135 27       		.uleb128 0x27
 1088 0136 19       		.uleb128 0x19
 1089 0137 49       		.uleb128 0x49
 1090 0138 13       		.uleb128 0x13
 1091 0139 11       		.uleb128 0x11
 1092 013a 01       		.uleb128 0x1
 1093 013b 12       		.uleb128 0x12
 1094 013c 06       		.uleb128 0x6
 1095 013d 40       		.uleb128 0x40
 1096 013e 18       		.uleb128 0x18
 1097 013f 9742     		.uleb128 0x2117
 1098 0141 19       		.uleb128 0x19
 1099 0142 00       		.byte	0
 1100 0143 00       		.byte	0
 1101 0144 13       		.uleb128 0x13
 1102 0145 01       		.uleb128 0x1
 1103 0146 01       		.byte	0x1
 1104 0147 49       		.uleb128 0x49
 1105 0148 13       		.uleb128 0x13
 1106 0149 01       		.uleb128 0x1
 1107 014a 13       		.uleb128 0x13
 1108 014b 00       		.byte	0
 1109 014c 00       		.byte	0
 1110 014d 14       		.uleb128 0x14
 1111 014e 21       		.uleb128 0x21
 1112 014f 00       		.byte	0
 1113 0150 49       		.uleb128 0x49
 1114 0151 13       		.uleb128 0x13
 1115 0152 2F       		.uleb128 0x2f
 1116 0153 0B       		.uleb128 0xb
 1117 0154 00       		.byte	0
 1118 0155 00       		.byte	0
 1119 0156 15       		.uleb128 0x15
 1120 0157 34       		.uleb128 0x34
 1121 0158 00       		.byte	0
 1122 0159 03       		.uleb128 0x3
 1123 015a 0E       		.uleb128 0xe
 1124 015b 3A       		.uleb128 0x3a
 1125 015c 0B       		.uleb128 0xb
 1126 015d 3B       		.uleb128 0x3b
 1127 015e 0B       		.uleb128 0xb
 1128 015f 49       		.uleb128 0x49
 1129 0160 13       		.uleb128 0x13
 1130 0161 3F       		.uleb128 0x3f
 1131 0162 19       		.uleb128 0x19
 1132 0163 3C       		.uleb128 0x3c
 1133 0164 19       		.uleb128 0x19
 1134 0165 00       		.byte	0
 1135 0166 00       		.byte	0
 1136 0167 00       		.byte	0
ARM GAS  C:\Users\Samuel\AppData\Local\Temp\ccLiZSCX.s 			page 27


 1137              		.section	.debug_aranges,"",%progbits
 1138 0000 7C000000 		.4byte	0x7c
 1139 0004 0200     		.2byte	0x2
 1140 0006 00000000 		.4byte	.Ldebug_info0
 1141 000a 04       		.byte	0x4
 1142 000b 00       		.byte	0
 1143 000c 0000     		.2byte	0
 1144 000e 0000     		.2byte	0
 1145 0010 00000000 		.4byte	.LFB0
 1146 0014 24000000 		.4byte	.LFE0-.LFB0
 1147 0018 00000000 		.4byte	.LFB1
 1148 001c 24000000 		.4byte	.LFE1-.LFB1
 1149 0020 00000000 		.4byte	.LFB2
 1150 0024 18000000 		.4byte	.LFE2-.LFB2
 1151 0028 00000000 		.4byte	.LFB3
 1152 002c 08000000 		.4byte	.LFE3-.LFB3
 1153 0030 00000000 		.4byte	.LFB4
 1154 0034 1C000000 		.4byte	.LFE4-.LFB4
 1155 0038 00000000 		.4byte	.LFB5
 1156 003c 14000000 		.4byte	.LFE5-.LFB5
 1157 0040 00000000 		.4byte	.LFB6
 1158 0044 4C000000 		.4byte	.LFE6-.LFB6
 1159 0048 00000000 		.4byte	.LFB7
 1160 004c 2C000000 		.4byte	.LFE7-.LFB7
 1161 0050 00000000 		.4byte	.LFB8
 1162 0054 14000000 		.4byte	.LFE8-.LFB8
 1163 0058 00000000 		.4byte	.LFB9
 1164 005c 20000000 		.4byte	.LFE9-.LFB9
 1165 0060 00000000 		.4byte	.LFB10
 1166 0064 14000000 		.4byte	.LFE10-.LFB10
 1167 0068 00000000 		.4byte	.LFB11
 1168 006c 14000000 		.4byte	.LFE11-.LFB11
 1169 0070 00000000 		.4byte	.LFB12
 1170 0074 14000000 		.4byte	.LFE12-.LFB12
 1171 0078 00000000 		.4byte	0
 1172 007c 00000000 		.4byte	0
 1173              		.section	.debug_ranges,"",%progbits
 1174              	.Ldebug_ranges0:
 1175 0000 00000000 		.4byte	.LFB0
 1176 0004 24000000 		.4byte	.LFE0
 1177 0008 00000000 		.4byte	.LFB1
 1178 000c 24000000 		.4byte	.LFE1
 1179 0010 00000000 		.4byte	.LFB2
 1180 0014 18000000 		.4byte	.LFE2
 1181 0018 00000000 		.4byte	.LFB3
 1182 001c 08000000 		.4byte	.LFE3
 1183 0020 00000000 		.4byte	.LFB4
 1184 0024 1C000000 		.4byte	.LFE4
 1185 0028 00000000 		.4byte	.LFB5
 1186 002c 14000000 		.4byte	.LFE5
 1187 0030 00000000 		.4byte	.LFB6
 1188 0034 4C000000 		.4byte	.LFE6
 1189 0038 00000000 		.4byte	.LFB7
 1190 003c 2C000000 		.4byte	.LFE7
 1191 0040 00000000 		.4byte	.LFB8
 1192 0044 14000000 		.4byte	.LFE8
 1193 0048 00000000 		.4byte	.LFB9
ARM GAS  C:\Users\Samuel\AppData\Local\Temp\ccLiZSCX.s 			page 28


 1194 004c 20000000 		.4byte	.LFE9
 1195 0050 00000000 		.4byte	.LFB10
 1196 0054 14000000 		.4byte	.LFE10
 1197 0058 00000000 		.4byte	.LFB11
 1198 005c 14000000 		.4byte	.LFE11
 1199 0060 00000000 		.4byte	.LFB12
 1200 0064 14000000 		.4byte	.LFE12
 1201 0068 00000000 		.4byte	0
 1202 006c 00000000 		.4byte	0
 1203              		.section	.debug_line,"",%progbits
 1204              	.Ldebug_line0:
 1205 0000 50010000 		.section	.debug_str,"MS",%progbits,1
 1205      02004400 
 1205      00000201 
 1205      FB0E0D00 
 1205      01010101 
 1206              	.LASF32:
 1207 0000 6973725F 		.ascii	"isr_1_ClearPending\000"
 1207      315F436C 
 1207      65617250 
 1207      656E6469 
 1207      6E6700
 1208              	.LASF14:
 1209 0013 72656733 		.ascii	"reg32\000"
 1209      3200
 1210              	.LASF31:
 1211 0019 6973725F 		.ascii	"isr_1_SetPending\000"
 1211      315F5365 
 1211      7450656E 
 1211      64696E67 
 1211      00
 1212              	.LASF29:
 1213 002a 6973725F 		.ascii	"isr_1_GetState\000"
 1213      315F4765 
 1213      74537461 
 1213      746500
 1214              	.LASF37:
 1215 0039 43795261 		.ascii	"CyRamVectors\000"
 1215      6D566563 
 1215      746F7273 
 1215      00
 1216              	.LASF30:
 1217 0046 6973725F 		.ascii	"isr_1_Disable\000"
 1217      315F4469 
 1217      7361626C 
 1217      6500
 1218              	.LASF18:
 1219 0054 6973725F 		.ascii	"isr_1_Stop\000"
 1219      315F5374 
 1219      6F7000
 1220              	.LASF17:
 1221 005f 6973725F 		.ascii	"isr_1_Start\000"
 1221      315F5374 
 1221      61727400 
 1222              	.LASF3:
 1223 006b 73686F72 		.ascii	"short unsigned int\000"
 1223      7420756E 
ARM GAS  C:\Users\Samuel\AppData\Local\Temp\ccLiZSCX.s 			page 29


 1223      7369676E 
 1223      65642069 
 1223      6E7400
 1224              	.LASF36:
 1225 007e 6973725F 		.ascii	"isr_1_GetPriority\000"
 1225      315F4765 
 1225      74507269 
 1225      6F726974 
 1225      7900
 1226              	.LASF11:
 1227 0090 666C6F61 		.ascii	"float\000"
 1227      7400
 1228              	.LASF33:
 1229 0096 474E5520 		.ascii	"GNU C 4.8.4 20140526 (release) [ARM/embedded-4_8-br"
 1229      4320342E 
 1229      382E3420 
 1229      32303134 
 1229      30353236 
 1230 00c9 616E6368 		.ascii	"anch revision 211358] -mcpu=cortex-m0 -mthumb -g -O"
 1230      20726576 
 1230      6973696F 
 1230      6E203231 
 1230      31333538 
 1231 00fc 30202D73 		.ascii	"0 -std=gnu99 -ffunction-sections\000"
 1231      74643D67 
 1231      6E753939 
 1231      202D6666 
 1231      756E6374 
 1232              	.LASF1:
 1233 011d 756E7369 		.ascii	"unsigned char\000"
 1233      676E6564 
 1233      20636861 
 1233      7200
 1234              	.LASF25:
 1235 012b 696E7465 		.ascii	"interruptState\000"
 1235      72727570 
 1235      74537461 
 1235      746500
 1236              	.LASF5:
 1237 013a 6C6F6E67 		.ascii	"long unsigned int\000"
 1237      20756E73 
 1237      69676E65 
 1237      6420696E 
 1237      7400
 1238              	.LASF9:
 1239 014c 75696E74 		.ascii	"uint8\000"
 1239      3800
 1240              	.LASF24:
 1241 0152 7072696F 		.ascii	"priority\000"
 1241      72697479 
 1241      00
 1242              	.LASF12:
 1243 015b 646F7562 		.ascii	"double\000"
 1243      6C6500
 1244              	.LASF23:
 1245 0162 6973725F 		.ascii	"isr_1_SetPriority\000"
 1245      315F5365 
ARM GAS  C:\Users\Samuel\AppData\Local\Temp\ccLiZSCX.s 			page 30


 1245      74507269 
 1245      6F726974 
 1245      7900
 1246              	.LASF10:
 1247 0174 75696E74 		.ascii	"uint32\000"
 1247      333200
 1248              	.LASF8:
 1249 017b 756E7369 		.ascii	"unsigned int\000"
 1249      676E6564 
 1249      20696E74 
 1249      00
 1250              	.LASF22:
 1251 0188 61646472 		.ascii	"address\000"
 1251      65737300 
 1252              	.LASF7:
 1253 0190 6C6F6E67 		.ascii	"long long unsigned int\000"
 1253      206C6F6E 
 1253      6720756E 
 1253      7369676E 
 1253      65642069 
 1254              	.LASF15:
 1255 01a7 63796973 		.ascii	"cyisraddress\000"
 1255      72616464 
 1255      72657373 
 1255      00
 1256              	.LASF16:
 1257 01b4 73697A65 		.ascii	"sizetype\000"
 1257      74797065 
 1257      00
 1258              	.LASF34:
 1259 01bd 2E5C4765 		.ascii	".\\Generated_Source\\PSoC4\\isr_1.c\000"
 1259      6E657261 
 1259      7465645F 
 1259      536F7572 
 1259      63655C50 
 1260              	.LASF35:
 1261 01de 433A5C55 		.ascii	"C:\\Users\\Samuel\\Documents\\GitHub\\Arm\\arm_cont"
 1261      73657273 
 1261      5C53616D 
 1261      75656C5C 
 1261      446F6375 
 1262 020b 726F6C6C 		.ascii	"roller_v2\\arm_controller_v2.1.cydsn\000"
 1262      65725F76 
 1262      325C6172 
 1262      6D5F636F 
 1262      6E74726F 
 1263              	.LASF6:
 1264 022f 6C6F6E67 		.ascii	"long long int\000"
 1264      206C6F6E 
 1264      6720696E 
 1264      7400
 1265              	.LASF27:
 1266 023d 6973725F 		.ascii	"isr_1_Enable\000"
 1266      315F456E 
 1266      61626C65 
 1266      00
 1267              	.LASF13:
ARM GAS  C:\Users\Samuel\AppData\Local\Temp\ccLiZSCX.s 			page 31


 1268 024a 63686172 		.ascii	"char\000"
 1268      00
 1269              	.LASF2:
 1270 024f 73686F72 		.ascii	"short int\000"
 1270      7420696E 
 1270      7400
 1271              	.LASF28:
 1272 0259 6973725F 		.ascii	"isr_1_GetVector\000"
 1272      315F4765 
 1272      74566563 
 1272      746F7200 
 1273              	.LASF19:
 1274 0269 6973725F 		.ascii	"isr_1_Interrupt\000"
 1274      315F496E 
 1274      74657272 
 1274      75707400 
 1275              	.LASF26:
 1276 0279 7072696F 		.ascii	"priorityOffset\000"
 1276      72697479 
 1276      4F666673 
 1276      657400
 1277              	.LASF4:
 1278 0288 6C6F6E67 		.ascii	"long int\000"
 1278      20696E74 
 1278      00
 1279              	.LASF0:
 1280 0291 7369676E 		.ascii	"signed char\000"
 1280      65642063 
 1280      68617200 
 1281              	.LASF20:
 1282 029d 6973725F 		.ascii	"isr_1_StartEx\000"
 1282      315F5374 
 1282      61727445 
 1282      7800
 1283              	.LASF21:
 1284 02ab 6973725F 		.ascii	"isr_1_SetVector\000"
 1284      315F5365 
 1284      74566563 
 1284      746F7200 
 1285              		.ident	"GCC: (GNU Tools for ARM Embedded Processors) 4.8.4 20140526 (release) [ARM/embedded-4_8-br
