ARM GAS  C:\Users\Samuel\AppData\Local\Temp\ccr6Dvxa.s 			page 1


   1              		.cpu cortex-m0
   2              		.fpu softvfp
   3              		.eabi_attribute 20, 1
   4              		.eabi_attribute 21, 1
   5              		.eabi_attribute 23, 3
   6              		.eabi_attribute 24, 1
   7              		.eabi_attribute 25, 1
   8              		.eabi_attribute 26, 1
   9              		.eabi_attribute 30, 6
  10              		.eabi_attribute 34, 0
  11              		.eabi_attribute 18, 4
  12              		.code	16
  13              		.file	"SPIM_1_INT.c"
  14              		.text
  15              	.Ltext0:
  16              		.cfi_sections	.debug_frame
  17              		.section	.text.SPIM_1_TX_ISR,"ax",%progbits
  18              		.align	2
  19              		.global	SPIM_1_TX_ISR
  20              		.code	16
  21              		.thumb_func
  22              		.type	SPIM_1_TX_ISR, %function
  23              	SPIM_1_TX_ISR:
  24              	.LFB0:
  25              		.file 1 ".\\Generated_Source\\PSoC4\\SPIM_1_INT.c"
   1:.\Generated_Source\PSoC4/SPIM_1_INT.c **** /*******************************************************************************
   2:.\Generated_Source\PSoC4/SPIM_1_INT.c **** * File Name: SPIM_1_INT.c
   3:.\Generated_Source\PSoC4/SPIM_1_INT.c **** * Version 2.40
   4:.\Generated_Source\PSoC4/SPIM_1_INT.c **** *
   5:.\Generated_Source\PSoC4/SPIM_1_INT.c **** * Description:
   6:.\Generated_Source\PSoC4/SPIM_1_INT.c **** *  This file provides all Interrupt Service Routine (ISR) for the SPI Master
   7:.\Generated_Source\PSoC4/SPIM_1_INT.c **** *  component.
   8:.\Generated_Source\PSoC4/SPIM_1_INT.c **** *
   9:.\Generated_Source\PSoC4/SPIM_1_INT.c **** * Note:
  10:.\Generated_Source\PSoC4/SPIM_1_INT.c **** *  None.
  11:.\Generated_Source\PSoC4/SPIM_1_INT.c **** *
  12:.\Generated_Source\PSoC4/SPIM_1_INT.c **** ********************************************************************************
  13:.\Generated_Source\PSoC4/SPIM_1_INT.c **** * Copyright 2008-2012, Cypress Semiconductor Corporation.  All rights reserved.
  14:.\Generated_Source\PSoC4/SPIM_1_INT.c **** * You may use this file only in accordance with the license, terms, conditions,
  15:.\Generated_Source\PSoC4/SPIM_1_INT.c **** * disclaimers, and limitations in the end user license agreement accompanying
  16:.\Generated_Source\PSoC4/SPIM_1_INT.c **** * the software package with which this file was provided.
  17:.\Generated_Source\PSoC4/SPIM_1_INT.c **** *******************************************************************************/
  18:.\Generated_Source\PSoC4/SPIM_1_INT.c **** 
  19:.\Generated_Source\PSoC4/SPIM_1_INT.c **** #include "SPIM_1_PVT.h"
  20:.\Generated_Source\PSoC4/SPIM_1_INT.c **** 
  21:.\Generated_Source\PSoC4/SPIM_1_INT.c **** /* User code required at start of ISR */
  22:.\Generated_Source\PSoC4/SPIM_1_INT.c **** /* `#START SPIM_1_ISR_START_DEF` */
  23:.\Generated_Source\PSoC4/SPIM_1_INT.c **** 
  24:.\Generated_Source\PSoC4/SPIM_1_INT.c **** /* `#END` */
  25:.\Generated_Source\PSoC4/SPIM_1_INT.c **** 
  26:.\Generated_Source\PSoC4/SPIM_1_INT.c **** 
  27:.\Generated_Source\PSoC4/SPIM_1_INT.c **** /*******************************************************************************
  28:.\Generated_Source\PSoC4/SPIM_1_INT.c **** * Function Name: SPIM_1_TX_ISR
  29:.\Generated_Source\PSoC4/SPIM_1_INT.c **** ********************************************************************************
  30:.\Generated_Source\PSoC4/SPIM_1_INT.c **** *
  31:.\Generated_Source\PSoC4/SPIM_1_INT.c **** * Summary:
  32:.\Generated_Source\PSoC4/SPIM_1_INT.c **** *  Interrupt Service Routine for TX portion of the SPI Master.
ARM GAS  C:\Users\Samuel\AppData\Local\Temp\ccr6Dvxa.s 			page 2


  33:.\Generated_Source\PSoC4/SPIM_1_INT.c **** *
  34:.\Generated_Source\PSoC4/SPIM_1_INT.c **** * Parameters:
  35:.\Generated_Source\PSoC4/SPIM_1_INT.c **** *  None.
  36:.\Generated_Source\PSoC4/SPIM_1_INT.c **** *
  37:.\Generated_Source\PSoC4/SPIM_1_INT.c **** * Return:
  38:.\Generated_Source\PSoC4/SPIM_1_INT.c **** *  None.
  39:.\Generated_Source\PSoC4/SPIM_1_INT.c **** *
  40:.\Generated_Source\PSoC4/SPIM_1_INT.c **** * Global variables:
  41:.\Generated_Source\PSoC4/SPIM_1_INT.c **** *  SPIM_1_txBufferWrite - used for the account of the bytes which
  42:.\Generated_Source\PSoC4/SPIM_1_INT.c **** *  have been written down in the TX software buffer.
  43:.\Generated_Source\PSoC4/SPIM_1_INT.c **** *  SPIM_1_txBufferRead - used for the account of the bytes which
  44:.\Generated_Source\PSoC4/SPIM_1_INT.c **** *  have been read from the TX software buffer, modified when exist data to
  45:.\Generated_Source\PSoC4/SPIM_1_INT.c **** *  sending and FIFO Not Full.
  46:.\Generated_Source\PSoC4/SPIM_1_INT.c **** *  SPIM_1_txBuffer[SPIM_1_TX_BUFFER_SIZE] - used to store
  47:.\Generated_Source\PSoC4/SPIM_1_INT.c **** *  data to sending.
  48:.\Generated_Source\PSoC4/SPIM_1_INT.c **** *  All described above Global variables are used when Software Buffer is used.
  49:.\Generated_Source\PSoC4/SPIM_1_INT.c **** *
  50:.\Generated_Source\PSoC4/SPIM_1_INT.c **** *******************************************************************************/
  51:.\Generated_Source\PSoC4/SPIM_1_INT.c **** CY_ISR(SPIM_1_TX_ISR)
  52:.\Generated_Source\PSoC4/SPIM_1_INT.c **** {
  26              		.loc 1 52 0
  27              		.cfi_startproc
  28 0000 80B5     		push	{r7, lr}
  29              		.cfi_def_cfa_offset 8
  30              		.cfi_offset 7, -8
  31              		.cfi_offset 14, -4
  32 0002 00AF     		add	r7, sp, #0
  33              		.cfi_def_cfa_register 7
  53:.\Generated_Source\PSoC4/SPIM_1_INT.c ****     #if(SPIM_1_TX_SOFTWARE_BUF_ENABLED)
  54:.\Generated_Source\PSoC4/SPIM_1_INT.c ****         uint8 tmpStatus;
  55:.\Generated_Source\PSoC4/SPIM_1_INT.c ****     #endif /* (SPIM_1_TX_SOFTWARE_BUF_ENABLED) */
  56:.\Generated_Source\PSoC4/SPIM_1_INT.c **** 
  57:.\Generated_Source\PSoC4/SPIM_1_INT.c ****     /* User code required at start of ISR */
  58:.\Generated_Source\PSoC4/SPIM_1_INT.c ****     /* `#START SPIM_1_TX_ISR_START` */
  59:.\Generated_Source\PSoC4/SPIM_1_INT.c **** 
  60:.\Generated_Source\PSoC4/SPIM_1_INT.c ****     /* `#END` */
  61:.\Generated_Source\PSoC4/SPIM_1_INT.c **** 
  62:.\Generated_Source\PSoC4/SPIM_1_INT.c ****     #if(SPIM_1_TX_SOFTWARE_BUF_ENABLED)
  63:.\Generated_Source\PSoC4/SPIM_1_INT.c ****         /* Check if TX data buffer is not empty and there is space in TX FIFO */
  64:.\Generated_Source\PSoC4/SPIM_1_INT.c ****         while(SPIM_1_txBufferRead != SPIM_1_txBufferWrite)
  65:.\Generated_Source\PSoC4/SPIM_1_INT.c ****         {
  66:.\Generated_Source\PSoC4/SPIM_1_INT.c ****             tmpStatus = SPIM_1_GET_STATUS_TX(SPIM_1_swStatusTx);
  67:.\Generated_Source\PSoC4/SPIM_1_INT.c ****             SPIM_1_swStatusTx = tmpStatus;
  68:.\Generated_Source\PSoC4/SPIM_1_INT.c **** 
  69:.\Generated_Source\PSoC4/SPIM_1_INT.c ****             if(0u != (SPIM_1_swStatusTx & SPIM_1_STS_TX_FIFO_NOT_FULL))
  70:.\Generated_Source\PSoC4/SPIM_1_INT.c ****             {
  71:.\Generated_Source\PSoC4/SPIM_1_INT.c ****                 if(0u == SPIM_1_txBufferFull)
  72:.\Generated_Source\PSoC4/SPIM_1_INT.c ****                 {
  73:.\Generated_Source\PSoC4/SPIM_1_INT.c ****                    SPIM_1_txBufferRead++;
  74:.\Generated_Source\PSoC4/SPIM_1_INT.c **** 
  75:.\Generated_Source\PSoC4/SPIM_1_INT.c ****                     if(SPIM_1_txBufferRead >= SPIM_1_TX_BUFFER_SIZE)
  76:.\Generated_Source\PSoC4/SPIM_1_INT.c ****                     {
  77:.\Generated_Source\PSoC4/SPIM_1_INT.c ****                         SPIM_1_txBufferRead = 0u;
  78:.\Generated_Source\PSoC4/SPIM_1_INT.c ****                     }
  79:.\Generated_Source\PSoC4/SPIM_1_INT.c ****                 }
  80:.\Generated_Source\PSoC4/SPIM_1_INT.c ****                 else
  81:.\Generated_Source\PSoC4/SPIM_1_INT.c ****                 {
ARM GAS  C:\Users\Samuel\AppData\Local\Temp\ccr6Dvxa.s 			page 3


  82:.\Generated_Source\PSoC4/SPIM_1_INT.c ****                     SPIM_1_txBufferFull = 0u;
  83:.\Generated_Source\PSoC4/SPIM_1_INT.c ****                 }
  84:.\Generated_Source\PSoC4/SPIM_1_INT.c **** 
  85:.\Generated_Source\PSoC4/SPIM_1_INT.c ****                 /* Move data from the Buffer to the FIFO */
  86:.\Generated_Source\PSoC4/SPIM_1_INT.c ****                 CY_SET_REG8(SPIM_1_TXDATA_PTR,
  87:.\Generated_Source\PSoC4/SPIM_1_INT.c ****                     SPIM_1_txBuffer[SPIM_1_txBufferRead]);
  88:.\Generated_Source\PSoC4/SPIM_1_INT.c ****             }
  89:.\Generated_Source\PSoC4/SPIM_1_INT.c ****             else
  90:.\Generated_Source\PSoC4/SPIM_1_INT.c ****             {
  91:.\Generated_Source\PSoC4/SPIM_1_INT.c ****                 break;
  92:.\Generated_Source\PSoC4/SPIM_1_INT.c ****             }
  93:.\Generated_Source\PSoC4/SPIM_1_INT.c ****         }
  94:.\Generated_Source\PSoC4/SPIM_1_INT.c **** 
  95:.\Generated_Source\PSoC4/SPIM_1_INT.c ****         if(SPIM_1_txBufferRead == SPIM_1_txBufferWrite)
  96:.\Generated_Source\PSoC4/SPIM_1_INT.c ****         {
  97:.\Generated_Source\PSoC4/SPIM_1_INT.c ****             /* TX Buffer is EMPTY: disable interrupt on TX NOT FULL */
  98:.\Generated_Source\PSoC4/SPIM_1_INT.c ****             SPIM_1_TX_STATUS_MASK_REG &= ((uint8) ~SPIM_1_STS_TX_FIFO_NOT_FULL);
  99:.\Generated_Source\PSoC4/SPIM_1_INT.c ****         }
 100:.\Generated_Source\PSoC4/SPIM_1_INT.c **** 
 101:.\Generated_Source\PSoC4/SPIM_1_INT.c ****     #endif /* (SPIM_1_TX_SOFTWARE_BUF_ENABLED) */
 102:.\Generated_Source\PSoC4/SPIM_1_INT.c **** 
 103:.\Generated_Source\PSoC4/SPIM_1_INT.c ****     /* User code required at end of ISR (Optional) */
 104:.\Generated_Source\PSoC4/SPIM_1_INT.c ****     /* `#START SPIM_1_TX_ISR_END` */
 105:.\Generated_Source\PSoC4/SPIM_1_INT.c **** 
 106:.\Generated_Source\PSoC4/SPIM_1_INT.c ****     /* `#END` */
 107:.\Generated_Source\PSoC4/SPIM_1_INT.c **** }
  34              		.loc 1 107 0
  35 0004 BD46     		mov	sp, r7
  36              		@ sp needed
  37 0006 80BD     		pop	{r7, pc}
  38              		.cfi_endproc
  39              	.LFE0:
  40              		.size	SPIM_1_TX_ISR, .-SPIM_1_TX_ISR
  41              		.section	.text.SPIM_1_RX_ISR,"ax",%progbits
  42              		.align	2
  43              		.global	SPIM_1_RX_ISR
  44              		.code	16
  45              		.thumb_func
  46              		.type	SPIM_1_RX_ISR, %function
  47              	SPIM_1_RX_ISR:
  48              	.LFB1:
 108:.\Generated_Source\PSoC4/SPIM_1_INT.c **** 
 109:.\Generated_Source\PSoC4/SPIM_1_INT.c **** 
 110:.\Generated_Source\PSoC4/SPIM_1_INT.c **** /*******************************************************************************
 111:.\Generated_Source\PSoC4/SPIM_1_INT.c **** * Function Name: SPIM_1_RX_ISR
 112:.\Generated_Source\PSoC4/SPIM_1_INT.c **** ********************************************************************************
 113:.\Generated_Source\PSoC4/SPIM_1_INT.c **** *
 114:.\Generated_Source\PSoC4/SPIM_1_INT.c **** * Summary:
 115:.\Generated_Source\PSoC4/SPIM_1_INT.c **** *  Interrupt Service Routine for RX portion of the SPI Master.
 116:.\Generated_Source\PSoC4/SPIM_1_INT.c **** *
 117:.\Generated_Source\PSoC4/SPIM_1_INT.c **** * Parameters:
 118:.\Generated_Source\PSoC4/SPIM_1_INT.c **** *  None.
 119:.\Generated_Source\PSoC4/SPIM_1_INT.c **** *
 120:.\Generated_Source\PSoC4/SPIM_1_INT.c **** * Return:
 121:.\Generated_Source\PSoC4/SPIM_1_INT.c **** *  None.
 122:.\Generated_Source\PSoC4/SPIM_1_INT.c **** *
 123:.\Generated_Source\PSoC4/SPIM_1_INT.c **** * Global variables:
ARM GAS  C:\Users\Samuel\AppData\Local\Temp\ccr6Dvxa.s 			page 4


 124:.\Generated_Source\PSoC4/SPIM_1_INT.c **** *  SPIM_1_rxBufferWrite - used for the account of the bytes which
 125:.\Generated_Source\PSoC4/SPIM_1_INT.c **** *  have been written down in the RX software buffer modified when FIFO contains
 126:.\Generated_Source\PSoC4/SPIM_1_INT.c **** *  new data.
 127:.\Generated_Source\PSoC4/SPIM_1_INT.c **** *  SPIM_1_rxBufferRead - used for the account of the bytes which
 128:.\Generated_Source\PSoC4/SPIM_1_INT.c **** *  have been read from the RX software buffer, modified when overflow occurred.
 129:.\Generated_Source\PSoC4/SPIM_1_INT.c **** *  SPIM_1_rxBuffer[SPIM_1_RX_BUFFER_SIZE] - used to store
 130:.\Generated_Source\PSoC4/SPIM_1_INT.c **** *  received data, modified when FIFO contains new data.
 131:.\Generated_Source\PSoC4/SPIM_1_INT.c **** *  All described above Global variables are used when Software Buffer is used.
 132:.\Generated_Source\PSoC4/SPIM_1_INT.c **** *
 133:.\Generated_Source\PSoC4/SPIM_1_INT.c **** *******************************************************************************/
 134:.\Generated_Source\PSoC4/SPIM_1_INT.c **** CY_ISR(SPIM_1_RX_ISR)
 135:.\Generated_Source\PSoC4/SPIM_1_INT.c **** {
  49              		.loc 1 135 0
  50              		.cfi_startproc
  51 0000 80B5     		push	{r7, lr}
  52              		.cfi_def_cfa_offset 8
  53              		.cfi_offset 7, -8
  54              		.cfi_offset 14, -4
  55 0002 00AF     		add	r7, sp, #0
  56              		.cfi_def_cfa_register 7
 136:.\Generated_Source\PSoC4/SPIM_1_INT.c ****     #if(SPIM_1_RX_SOFTWARE_BUF_ENABLED)
 137:.\Generated_Source\PSoC4/SPIM_1_INT.c ****         uint8 tmpStatus;
 138:.\Generated_Source\PSoC4/SPIM_1_INT.c ****         uint8 rxData;
 139:.\Generated_Source\PSoC4/SPIM_1_INT.c ****     #endif /* (SPIM_1_RX_SOFTWARE_BUF_ENABLED) */
 140:.\Generated_Source\PSoC4/SPIM_1_INT.c **** 
 141:.\Generated_Source\PSoC4/SPIM_1_INT.c ****     /* User code required at start of ISR */
 142:.\Generated_Source\PSoC4/SPIM_1_INT.c ****     /* `#START SPIM_1_RX_ISR_START` */
 143:.\Generated_Source\PSoC4/SPIM_1_INT.c **** 
 144:.\Generated_Source\PSoC4/SPIM_1_INT.c ****     /* `#END` */
 145:.\Generated_Source\PSoC4/SPIM_1_INT.c **** 
 146:.\Generated_Source\PSoC4/SPIM_1_INT.c ****     #if(SPIM_1_RX_SOFTWARE_BUF_ENABLED)
 147:.\Generated_Source\PSoC4/SPIM_1_INT.c **** 
 148:.\Generated_Source\PSoC4/SPIM_1_INT.c ****         tmpStatus = SPIM_1_GET_STATUS_RX(SPIM_1_swStatusRx);
 149:.\Generated_Source\PSoC4/SPIM_1_INT.c ****         SPIM_1_swStatusRx = tmpStatus;
 150:.\Generated_Source\PSoC4/SPIM_1_INT.c **** 
 151:.\Generated_Source\PSoC4/SPIM_1_INT.c ****         /* Check if RX data FIFO has some data to be moved into the RX Buffer */
 152:.\Generated_Source\PSoC4/SPIM_1_INT.c ****         while(0u != (SPIM_1_swStatusRx & SPIM_1_STS_RX_FIFO_NOT_EMPTY))
 153:.\Generated_Source\PSoC4/SPIM_1_INT.c ****         {
 154:.\Generated_Source\PSoC4/SPIM_1_INT.c ****             rxData = CY_GET_REG8(SPIM_1_RXDATA_PTR);
 155:.\Generated_Source\PSoC4/SPIM_1_INT.c **** 
 156:.\Generated_Source\PSoC4/SPIM_1_INT.c ****             /* Set next pointer. */
 157:.\Generated_Source\PSoC4/SPIM_1_INT.c ****             SPIM_1_rxBufferWrite++;
 158:.\Generated_Source\PSoC4/SPIM_1_INT.c ****             if(SPIM_1_rxBufferWrite >= SPIM_1_RX_BUFFER_SIZE)
 159:.\Generated_Source\PSoC4/SPIM_1_INT.c ****             {
 160:.\Generated_Source\PSoC4/SPIM_1_INT.c ****                 SPIM_1_rxBufferWrite = 0u;
 161:.\Generated_Source\PSoC4/SPIM_1_INT.c ****             }
 162:.\Generated_Source\PSoC4/SPIM_1_INT.c **** 
 163:.\Generated_Source\PSoC4/SPIM_1_INT.c ****             if(SPIM_1_rxBufferWrite == SPIM_1_rxBufferRead)
 164:.\Generated_Source\PSoC4/SPIM_1_INT.c ****             {
 165:.\Generated_Source\PSoC4/SPIM_1_INT.c ****                 SPIM_1_rxBufferRead++;
 166:.\Generated_Source\PSoC4/SPIM_1_INT.c ****                 if(SPIM_1_rxBufferRead >= SPIM_1_RX_BUFFER_SIZE)
 167:.\Generated_Source\PSoC4/SPIM_1_INT.c ****                 {
 168:.\Generated_Source\PSoC4/SPIM_1_INT.c ****                     SPIM_1_rxBufferRead = 0u;
 169:.\Generated_Source\PSoC4/SPIM_1_INT.c ****                 }
 170:.\Generated_Source\PSoC4/SPIM_1_INT.c **** 
 171:.\Generated_Source\PSoC4/SPIM_1_INT.c ****                 SPIM_1_rxBufferFull = 1u;
 172:.\Generated_Source\PSoC4/SPIM_1_INT.c ****             }
ARM GAS  C:\Users\Samuel\AppData\Local\Temp\ccr6Dvxa.s 			page 5


 173:.\Generated_Source\PSoC4/SPIM_1_INT.c **** 
 174:.\Generated_Source\PSoC4/SPIM_1_INT.c ****             /* Move data from the FIFO to the Buffer */
 175:.\Generated_Source\PSoC4/SPIM_1_INT.c ****             SPIM_1_rxBuffer[SPIM_1_rxBufferWrite] = rxData;
 176:.\Generated_Source\PSoC4/SPIM_1_INT.c **** 
 177:.\Generated_Source\PSoC4/SPIM_1_INT.c ****             tmpStatus = SPIM_1_GET_STATUS_RX(SPIM_1_swStatusRx);
 178:.\Generated_Source\PSoC4/SPIM_1_INT.c ****             SPIM_1_swStatusRx = tmpStatus;
 179:.\Generated_Source\PSoC4/SPIM_1_INT.c ****         }
 180:.\Generated_Source\PSoC4/SPIM_1_INT.c **** 
 181:.\Generated_Source\PSoC4/SPIM_1_INT.c ****     #endif /* (SPIM_1_RX_SOFTWARE_BUF_ENABLED) */
 182:.\Generated_Source\PSoC4/SPIM_1_INT.c **** 
 183:.\Generated_Source\PSoC4/SPIM_1_INT.c ****     /* User code required at end of ISR (Optional) */
 184:.\Generated_Source\PSoC4/SPIM_1_INT.c ****     /* `#START SPIM_1_RX_ISR_END` */
 185:.\Generated_Source\PSoC4/SPIM_1_INT.c **** 
 186:.\Generated_Source\PSoC4/SPIM_1_INT.c ****     /* `#END` */
 187:.\Generated_Source\PSoC4/SPIM_1_INT.c **** }
  57              		.loc 1 187 0
  58 0004 BD46     		mov	sp, r7
  59              		@ sp needed
  60 0006 80BD     		pop	{r7, pc}
  61              		.cfi_endproc
  62              	.LFE1:
  63              		.size	SPIM_1_RX_ISR, .-SPIM_1_RX_ISR
  64              		.text
  65              	.Letext0:
  66              		.section	.debug_info,"",%progbits
  67              	.Ldebug_info0:
  68 0000 A6000000 		.4byte	0xa6
  69 0004 0400     		.2byte	0x4
  70 0006 00000000 		.4byte	.Ldebug_abbrev0
  71 000a 04       		.byte	0x4
  72 000b 01       		.uleb128 0x1
  73 000c 19010000 		.4byte	.LASF15
  74 0010 01       		.byte	0x1
  75 0011 7C000000 		.4byte	.LASF16
  76 0015 A9000000 		.4byte	.LASF17
  77 0019 00000000 		.4byte	.Ldebug_ranges0+0
  78 001d 00000000 		.4byte	0
  79 0021 00000000 		.4byte	.Ldebug_line0
  80 0025 02       		.uleb128 0x2
  81 0026 01       		.byte	0x1
  82 0027 06       		.byte	0x6
  83 0028 0D010000 		.4byte	.LASF0
  84 002c 02       		.uleb128 0x2
  85 002d 01       		.byte	0x1
  86 002e 08       		.byte	0x8
  87 002f 60000000 		.4byte	.LASF1
  88 0033 02       		.uleb128 0x2
  89 0034 02       		.byte	0x2
  90 0035 05       		.byte	0x5
  91 0036 A6010000 		.4byte	.LASF2
  92 003a 02       		.uleb128 0x2
  93 003b 02       		.byte	0x2
  94 003c 07       		.byte	0x7
  95 003d FA000000 		.4byte	.LASF3
  96 0041 02       		.uleb128 0x2
  97 0042 04       		.byte	0x4
  98 0043 05       		.byte	0x5
ARM GAS  C:\Users\Samuel\AppData\Local\Temp\ccr6Dvxa.s 			page 6


  99 0044 73000000 		.4byte	.LASF4
 100 0048 02       		.uleb128 0x2
 101 0049 04       		.byte	0x4
 102 004a 07       		.byte	0x7
 103 004b 37000000 		.4byte	.LASF5
 104 004f 02       		.uleb128 0x2
 105 0050 08       		.byte	0x8
 106 0051 05       		.byte	0x5
 107 0052 00000000 		.4byte	.LASF6
 108 0056 02       		.uleb128 0x2
 109 0057 08       		.byte	0x8
 110 0058 07       		.byte	0x7
 111 0059 49000000 		.4byte	.LASF7
 112 005d 03       		.uleb128 0x3
 113 005e 04       		.byte	0x4
 114 005f 05       		.byte	0x5
 115 0060 696E7400 		.ascii	"int\000"
 116 0064 02       		.uleb128 0x2
 117 0065 04       		.byte	0x4
 118 0066 07       		.byte	0x7
 119 0067 0E000000 		.4byte	.LASF8
 120 006b 02       		.uleb128 0x2
 121 006c 04       		.byte	0x4
 122 006d 04       		.byte	0x4
 123 006e A0010000 		.4byte	.LASF9
 124 0072 02       		.uleb128 0x2
 125 0073 08       		.byte	0x8
 126 0074 04       		.byte	0x4
 127 0075 A2000000 		.4byte	.LASF10
 128 0079 02       		.uleb128 0x2
 129 007a 01       		.byte	0x1
 130 007b 08       		.byte	0x8
 131 007c 6E000000 		.4byte	.LASF11
 132 0080 02       		.uleb128 0x2
 133 0081 04       		.byte	0x4
 134 0082 07       		.byte	0x7
 135 0083 B0010000 		.4byte	.LASF12
 136 0087 04       		.uleb128 0x4
 137 0088 1B000000 		.4byte	.LASF13
 138 008c 01       		.byte	0x1
 139 008d 33       		.byte	0x33
 140 008e 00000000 		.4byte	.LFB0
 141 0092 08000000 		.4byte	.LFE0-.LFB0
 142 0096 01       		.uleb128 0x1
 143 0097 9C       		.byte	0x9c
 144 0098 04       		.uleb128 0x4
 145 0099 29000000 		.4byte	.LASF14
 146 009d 01       		.byte	0x1
 147 009e 86       		.byte	0x86
 148 009f 00000000 		.4byte	.LFB1
 149 00a3 08000000 		.4byte	.LFE1-.LFB1
 150 00a7 01       		.uleb128 0x1
 151 00a8 9C       		.byte	0x9c
 152 00a9 00       		.byte	0
 153              		.section	.debug_abbrev,"",%progbits
 154              	.Ldebug_abbrev0:
 155 0000 01       		.uleb128 0x1
ARM GAS  C:\Users\Samuel\AppData\Local\Temp\ccr6Dvxa.s 			page 7


 156 0001 11       		.uleb128 0x11
 157 0002 01       		.byte	0x1
 158 0003 25       		.uleb128 0x25
 159 0004 0E       		.uleb128 0xe
 160 0005 13       		.uleb128 0x13
 161 0006 0B       		.uleb128 0xb
 162 0007 03       		.uleb128 0x3
 163 0008 0E       		.uleb128 0xe
 164 0009 1B       		.uleb128 0x1b
 165 000a 0E       		.uleb128 0xe
 166 000b 55       		.uleb128 0x55
 167 000c 17       		.uleb128 0x17
 168 000d 11       		.uleb128 0x11
 169 000e 01       		.uleb128 0x1
 170 000f 10       		.uleb128 0x10
 171 0010 17       		.uleb128 0x17
 172 0011 00       		.byte	0
 173 0012 00       		.byte	0
 174 0013 02       		.uleb128 0x2
 175 0014 24       		.uleb128 0x24
 176 0015 00       		.byte	0
 177 0016 0B       		.uleb128 0xb
 178 0017 0B       		.uleb128 0xb
 179 0018 3E       		.uleb128 0x3e
 180 0019 0B       		.uleb128 0xb
 181 001a 03       		.uleb128 0x3
 182 001b 0E       		.uleb128 0xe
 183 001c 00       		.byte	0
 184 001d 00       		.byte	0
 185 001e 03       		.uleb128 0x3
 186 001f 24       		.uleb128 0x24
 187 0020 00       		.byte	0
 188 0021 0B       		.uleb128 0xb
 189 0022 0B       		.uleb128 0xb
 190 0023 3E       		.uleb128 0x3e
 191 0024 0B       		.uleb128 0xb
 192 0025 03       		.uleb128 0x3
 193 0026 08       		.uleb128 0x8
 194 0027 00       		.byte	0
 195 0028 00       		.byte	0
 196 0029 04       		.uleb128 0x4
 197 002a 2E       		.uleb128 0x2e
 198 002b 00       		.byte	0
 199 002c 3F       		.uleb128 0x3f
 200 002d 19       		.uleb128 0x19
 201 002e 03       		.uleb128 0x3
 202 002f 0E       		.uleb128 0xe
 203 0030 3A       		.uleb128 0x3a
 204 0031 0B       		.uleb128 0xb
 205 0032 3B       		.uleb128 0x3b
 206 0033 0B       		.uleb128 0xb
 207 0034 27       		.uleb128 0x27
 208 0035 19       		.uleb128 0x19
 209 0036 11       		.uleb128 0x11
 210 0037 01       		.uleb128 0x1
 211 0038 12       		.uleb128 0x12
 212 0039 06       		.uleb128 0x6
ARM GAS  C:\Users\Samuel\AppData\Local\Temp\ccr6Dvxa.s 			page 8


 213 003a 40       		.uleb128 0x40
 214 003b 18       		.uleb128 0x18
 215 003c 9742     		.uleb128 0x2117
 216 003e 19       		.uleb128 0x19
 217 003f 00       		.byte	0
 218 0040 00       		.byte	0
 219 0041 00       		.byte	0
 220              		.section	.debug_aranges,"",%progbits
 221 0000 24000000 		.4byte	0x24
 222 0004 0200     		.2byte	0x2
 223 0006 00000000 		.4byte	.Ldebug_info0
 224 000a 04       		.byte	0x4
 225 000b 00       		.byte	0
 226 000c 0000     		.2byte	0
 227 000e 0000     		.2byte	0
 228 0010 00000000 		.4byte	.LFB0
 229 0014 08000000 		.4byte	.LFE0-.LFB0
 230 0018 00000000 		.4byte	.LFB1
 231 001c 08000000 		.4byte	.LFE1-.LFB1
 232 0020 00000000 		.4byte	0
 233 0024 00000000 		.4byte	0
 234              		.section	.debug_ranges,"",%progbits
 235              	.Ldebug_ranges0:
 236 0000 00000000 		.4byte	.LFB0
 237 0004 08000000 		.4byte	.LFE0
 238 0008 00000000 		.4byte	.LFB1
 239 000c 08000000 		.4byte	.LFE1
 240 0010 00000000 		.4byte	0
 241 0014 00000000 		.4byte	0
 242              		.section	.debug_line,"",%progbits
 243              	.Ldebug_line0:
 244 0000 67000000 		.section	.debug_str,"MS",%progbits,1
 244      02003C00 
 244      00000201 
 244      FB0E0D00 
 244      01010101 
 245              	.LASF6:
 246 0000 6C6F6E67 		.ascii	"long long int\000"
 246      206C6F6E 
 246      6720696E 
 246      7400
 247              	.LASF8:
 248 000e 756E7369 		.ascii	"unsigned int\000"
 248      676E6564 
 248      20696E74 
 248      00
 249              	.LASF13:
 250 001b 5350494D 		.ascii	"SPIM_1_TX_ISR\000"
 250      5F315F54 
 250      585F4953 
 250      5200
 251              	.LASF14:
 252 0029 5350494D 		.ascii	"SPIM_1_RX_ISR\000"
 252      5F315F52 
 252      585F4953 
 252      5200
 253              	.LASF5:
ARM GAS  C:\Users\Samuel\AppData\Local\Temp\ccr6Dvxa.s 			page 9


 254 0037 6C6F6E67 		.ascii	"long unsigned int\000"
 254      20756E73 
 254      69676E65 
 254      6420696E 
 254      7400
 255              	.LASF7:
 256 0049 6C6F6E67 		.ascii	"long long unsigned int\000"
 256      206C6F6E 
 256      6720756E 
 256      7369676E 
 256      65642069 
 257              	.LASF1:
 258 0060 756E7369 		.ascii	"unsigned char\000"
 258      676E6564 
 258      20636861 
 258      7200
 259              	.LASF11:
 260 006e 63686172 		.ascii	"char\000"
 260      00
 261              	.LASF4:
 262 0073 6C6F6E67 		.ascii	"long int\000"
 262      20696E74 
 262      00
 263              	.LASF16:
 264 007c 2E5C4765 		.ascii	".\\Generated_Source\\PSoC4\\SPIM_1_INT.c\000"
 264      6E657261 
 264      7465645F 
 264      536F7572 
 264      63655C50 
 265              	.LASF10:
 266 00a2 646F7562 		.ascii	"double\000"
 266      6C6500
 267              	.LASF17:
 268 00a9 433A5C55 		.ascii	"C:\\Users\\Samuel\\Documents\\GitHub\\Arm\\arm_cont"
 268      73657273 
 268      5C53616D 
 268      75656C5C 
 268      446F6375 
 269 00d6 726F6C6C 		.ascii	"roller_v2\\arm_controller_v2.1.cydsn\000"
 269      65725F76 
 269      325C6172 
 269      6D5F636F 
 269      6E74726F 
 270              	.LASF3:
 271 00fa 73686F72 		.ascii	"short unsigned int\000"
 271      7420756E 
 271      7369676E 
 271      65642069 
 271      6E7400
 272              	.LASF0:
 273 010d 7369676E 		.ascii	"signed char\000"
 273      65642063 
 273      68617200 
 274              	.LASF15:
 275 0119 474E5520 		.ascii	"GNU C 4.8.4 20140526 (release) [ARM/embedded-4_8-br"
 275      4320342E 
 275      382E3420 
ARM GAS  C:\Users\Samuel\AppData\Local\Temp\ccr6Dvxa.s 			page 10


 275      32303134 
 275      30353236 
 276 014c 616E6368 		.ascii	"anch revision 211358] -mcpu=cortex-m0 -mthumb -g -O"
 276      20726576 
 276      6973696F 
 276      6E203231 
 276      31333538 
 277 017f 30202D73 		.ascii	"0 -std=gnu99 -ffunction-sections\000"
 277      74643D67 
 277      6E753939 
 277      202D6666 
 277      756E6374 
 278              	.LASF9:
 279 01a0 666C6F61 		.ascii	"float\000"
 279      7400
 280              	.LASF2:
 281 01a6 73686F72 		.ascii	"short int\000"
 281      7420696E 
 281      7400
 282              	.LASF12:
 283 01b0 73697A65 		.ascii	"sizetype\000"
 283      74797065 
 283      00
 284              		.ident	"GCC: (GNU Tools for ARM Embedded Processors) 4.8.4 20140526 (release) [ARM/embedded-4_8-br
